2023-07-11 21:20:41,504 [INFO] Activator:176 - 


2023-07-11 21:20:41,507 [INFO] Activator:177 - !SESSION log4j initialized
2023-07-11 21:20:43,475 [INFO] LogOutputStream:77 - [STDOUT_REDIRECT] 
2023-07-11 21:21:02,605 [ERROR] LogOutputStream:75 - [STDERR_REDIRECT] SLF4J: Failed to load class "org.slf4j.impl.StaticLoggerBinder".
2023-07-11 21:21:02,606 [ERROR] LogOutputStream:75 - [STDERR_REDIRECT] SLF4J: Defaulting to no-operation (NOP) logger implementation
2023-07-11 21:21:02,606 [ERROR] LogOutputStream:75 - [STDERR_REDIRECT] SLF4J: See http://www.slf4j.org/codes.html#StaticLoggerBinder for further details.
2023-07-11 21:24:19,874 [INFO] ApplicationProperties:184 - Using Application install path: /opt/st/stm32cubeide_1.10.1/../../../home/aaron/.eclipse/com.st.stm32cube.ide.mcu.rcp.product_1.10.1_139059409_linux_gtk_x86_64/plugins/com.st.stm32cube.common.mx_6.8.1.202304191431
2023-07-11 21:24:19,901 [INFO] DbMcusXml:78 - Set database path to: /opt/st/stm32cubeide_1.10.1/../../../home/aaron/.eclipse/com.st.stm32cube.ide.mcu.rcp.product_1.10.1_139059409_linux_gtk_x86_64/plugins/com.st.stm32cube.common.mx_6.8.1.202304191431//db//mcu/
2023-07-11 21:24:19,902 [INFO] ApiDb:274 - Set plugin database path to: /opt/st/stm32cubeide_1.10.1/../../../home/aaron/.eclipse/com.st.stm32cube.ide.mcu.rcp.product_1.10.1_139059409_linux_gtk_x86_64/plugins/com.st.stm32cube.common.mx_6.8.1.202304191431//db//plugins/boardmanager/
2023-07-11 21:24:19,906 [WARN] ApiDb:259 - Overriding images path with different value:  => /opt/st/stm32cubeide_1.10.1/../../../home/aaron/.eclipse/com.st.stm32cube.ide.mcu.rcp.product_1.10.1_139059409_linux_gtk_x86_64/plugins/com.st.stm32cube.common.mx_6.8.1.202304191431//db//plugins/mcufinder/images/
2023-07-11 21:24:19,927 [INFO] ApiDb:250 - Set database path to: /home/aaron/.stmcufinder/plugins/mcufinder//mcu/
2023-07-11 21:24:19,929 [INFO] DbMcusAds:125 - Set database path to: /home/aaron/.stmcufinder/plugins/mcufinder//mcu/
2023-07-11 21:24:20,143 [INFO] CrossReferenceDbSqlite:203 - Set database path to: /home/aaron/.stmcufinder/plugins/mcufinder//mcu/cs/
2023-07-11 21:24:20,265 [INFO] RulesReader:64 - Compatibility file has been processed (293 Rules)
2023-07-11 21:24:20,315 [INFO] DbMcusXml:78 - Set database path to: /opt/st/stm32cubeide_1.10.1/../../../home/aaron/.eclipse/com.st.stm32cube.ide.mcu.rcp.product_1.10.1_139059409_linux_gtk_x86_64/plugins/com.st.stm32cube.common.mx_6.8.1.202304191431//db//mcu/
2023-07-11 21:24:20,315 [INFO] ApiDb:274 - Set plugin database path to: /opt/st/stm32cubeide_1.10.1/../../../home/aaron/.eclipse/com.st.stm32cube.ide.mcu.rcp.product_1.10.1_139059409_linux_gtk_x86_64/plugins/com.st.stm32cube.common.mx_6.8.1.202304191431//db//plugins/boardmanager/
2023-07-11 21:24:20,315 [INFO] ApiDb:261 - Set plugin images path to: /opt/st/stm32cubeide_1.10.1/../../../home/aaron/.eclipse/com.st.stm32cube.ide.mcu.rcp.product_1.10.1_139059409_linux_gtk_x86_64/plugins/com.st.stm32cube.common.mx_6.8.1.202304191431//db//plugins/mcufinder/images/
2023-07-11 21:24:20,315 [WARN] DbFile:41 - Overriding database path with different value: /home/aaron/.stmcufinder/plugins/mcufinder/ => /home/aaron/.stmcufinder/plugins/mcufinder
2023-07-11 21:24:20,316 [INFO] ApiDb:250 - Set database path to: /home/aaron/.stmcufinder/plugins/mcufinder//mcu/
2023-07-11 21:24:20,316 [WARN] DbFile:41 - Overriding database path with different value: /home/aaron/.stmcufinder/plugins/mcufinder/ => /home/aaron/.stmcufinder/plugins/mcufinder
2023-07-11 21:24:20,316 [INFO] DbMcusAds:125 - Set database path to: /home/aaron/.stmcufinder/plugins/mcufinder//mcu/
2023-07-11 21:24:20,316 [WARN] DbFile:41 - Overriding database path with different value: /home/aaron/.stmcufinder/plugins/mcufinder/ => /home/aaron/.stmcufinder/plugins/mcufinder
2023-07-11 21:24:20,316 [WARN] DbFile:41 - Overriding database path with different value: /home/aaron/.stmcufinder/plugins/mcufinder/ => /home/aaron/.stmcufinder/plugins/mcufinder
2023-07-11 21:24:20,316 [INFO] CrossReferenceDbSqlite:203 - Set database path to: /home/aaron/.stmcufinder/plugins/mcufinder//mcu/cs/
2023-07-11 21:24:20,368 [INFO] MainPanel:253 - HeapMemory: 456130560
2023-07-11 21:24:20,438 [INFO] DbMcusXml:78 - Set database path to: /opt/st/stm32cubeide_1.10.1/../../../home/aaron/.eclipse/com.st.stm32cube.ide.mcu.rcp.product_1.10.1_139059409_linux_gtk_x86_64/plugins/com.st.stm32cube.common.mx_6.8.1.202304191431//db//mcu/
2023-07-11 21:24:20,438 [INFO] ApiDb:274 - Set plugin database path to: /opt/st/stm32cubeide_1.10.1/../../../home/aaron/.eclipse/com.st.stm32cube.ide.mcu.rcp.product_1.10.1_139059409_linux_gtk_x86_64/plugins/com.st.stm32cube.common.mx_6.8.1.202304191431//db//plugins/boardmanager/
2023-07-11 21:24:20,438 [INFO] ApiDb:261 - Set plugin images path to: /opt/st/stm32cubeide_1.10.1/../../../home/aaron/.eclipse/com.st.stm32cube.ide.mcu.rcp.product_1.10.1_139059409_linux_gtk_x86_64/plugins/com.st.stm32cube.common.mx_6.8.1.202304191431//db//plugins/mcufinder/images/
2023-07-11 21:24:20,438 [WARN] DbFile:41 - Overriding database path with different value: /home/aaron/.stmcufinder/plugins/mcufinder/ => /home/aaron/.stmcufinder/plugins/mcufinder
2023-07-11 21:24:20,438 [INFO] ApiDb:250 - Set database path to: /home/aaron/.stmcufinder/plugins/mcufinder//mcu/
2023-07-11 21:24:20,439 [WARN] DbFile:41 - Overriding database path with different value: /home/aaron/.stmcufinder/plugins/mcufinder/ => /home/aaron/.stmcufinder/plugins/mcufinder
2023-07-11 21:24:20,439 [INFO] DbMcusAds:125 - Set database path to: /home/aaron/.stmcufinder/plugins/mcufinder//mcu/
2023-07-11 21:24:20,439 [WARN] DbFile:41 - Overriding database path with different value: /home/aaron/.stmcufinder/plugins/mcufinder/ => /home/aaron/.stmcufinder/plugins/mcufinder
2023-07-11 21:24:20,439 [WARN] DbFile:41 - Overriding database path with different value: /home/aaron/.stmcufinder/plugins/mcufinder/ => /home/aaron/.stmcufinder/plugins/mcufinder
2023-07-11 21:24:20,439 [INFO] CrossReferenceDbSqlite:203 - Set database path to: /home/aaron/.stmcufinder/plugins/mcufinder//mcu/cs/
2023-07-11 21:24:20,454 [INFO] ApplicationProperties:184 - Using Application install path: /opt/st/stm32cubeide_1.10.1/../../../home/aaron/.eclipse/com.st.stm32cube.ide.mcu.rcp.product_1.10.1_139059409_linux_gtk_x86_64/plugins/com.st.stm32cube.common.mx_6.8.1.202304191431
2023-07-11 21:24:20,455 [INFO] PluginManage:196 - Search for loadable plugins [exclusion list=, ]
2023-07-11 21:24:20,457 [INFO] PluginManage:310 - Check plugin analytics
2023-07-11 21:24:20,582 [INFO] AnalyticsPlugin:253 - Accepted Software Licenses: STM32CubeMX.6.7.0
2023-07-11 21:24:20,582 [INFO] AnalyticsPlugin:255 - Accepted CMSIS Pack Licenses: 
2023-07-11 21:24:20,583 [INFO] AnalyticsPlugin:257 - Accepted Firmware Licenses: 
2023-07-11 21:24:20,591 [INFO] PluginManage:359 - Loaded plugin analytics (category:tool,tabindex:-1)
2023-07-11 21:24:20,592 [INFO] PluginManage:310 - Check plugin cadmodel
2023-07-11 21:24:20,633 [INFO] CADModel:105 - Init CAD model plugin
2023-07-11 21:24:20,633 [INFO] PluginManage:359 - Loaded plugin cadmodel (category:power,tabindex:5)
2023-07-11 21:24:20,633 [INFO] PluginManage:310 - Check plugin clock
2023-07-11 21:24:20,643 [INFO] PluginManage:359 - Loaded plugin clock (category:base,tabindex:2)
2023-07-11 21:24:20,643 [INFO] PluginManage:310 - Check plugin ddr
2023-07-11 21:24:20,645 [INFO] PluginManage:359 - Loaded plugin ddr (category:tool,tabindex:6)
2023-07-11 21:24:20,645 [INFO] PluginManage:310 - Check plugin filemanager
2023-07-11 21:24:20,759 [INFO] PluginManage:359 - Loaded plugin filemanager (category:base,tabindex:10)
2023-07-11 21:24:20,759 [INFO] PluginManage:310 - Check plugin ipmanager
2023-07-11 21:24:20,763 [INFO] PluginManage:359 - Loaded plugin ipmanager (category:base,tabindex:5)
2023-07-11 21:24:20,764 [INFO] PluginManage:310 - Check plugin lpbam
2023-07-11 21:24:20,772 [INFO] PluginManage:359 - Loaded plugin lpbam (category:base,tabindex:0)
2023-07-11 21:24:20,772 [INFO] PluginManage:310 - Check plugin pinoutandconfiguration
2023-07-11 21:24:20,779 [INFO] PluginManage:359 - Loaded plugin pinoutandconfiguration (category:base,tabindex:1)
2023-07-11 21:24:20,779 [INFO] PluginManage:310 - Check plugin pinoutconfig
2023-07-11 21:24:20,862 [WARN] SupportedApi:132 - Cannot load RTOS API schema: s4s-elt-must-match.1: The content of 'definitions' must match (annotation?, (simpleType | complexType)?, (unique | key | keyref)*)). A problem was found starting at: attribute.
2023-07-11 21:24:20,961 [INFO] PluginManage:359 - Loaded plugin pinoutconfig (category:base,tabindex:0)
2023-07-11 21:24:20,961 [INFO] PluginManage:310 - Check plugin power
2023-07-11 21:24:20,968 [INFO] PluginManage:359 - Loaded plugin power (category:power,tabindex:4)
2023-07-11 21:24:20,969 [INFO] PluginManage:310 - Check plugin projectmanager
2023-07-11 21:24:20,979 [INFO] PluginManage:359 - Loaded plugin projectmanager (category:projectmanager,tabindex:3)
2023-07-11 21:24:20,980 [INFO] PluginManage:310 - Check plugin thirdparty
2023-07-11 21:24:21,077 [INFO] PluginManage:359 - Loaded plugin thirdparty (category:base,tabindex:-1)
2023-07-11 21:24:21,076 [WARN] IntegrityCheckThread:84 - waiting for thirdparty lock release [integrity check]
2023-07-11 21:24:21,077 [INFO] PluginManage:310 - Check plugin tools
2023-07-11 21:24:21,077 [INFO] IntegrityCheckThread:86 - entering critical section [integrity check]
2023-07-11 21:24:21,079 [INFO] ThirdPartyUpdaterWithRetryManager:70 - Updater plugin not ready yet. [1/15]
2023-07-11 21:24:21,079 [INFO] PluginManage:359 - Loaded plugin tools (category:base,tabindex:7)
2023-07-11 21:24:21,080 [INFO] PluginManage:310 - Check plugin tutovideos
2023-07-11 21:24:21,295 [INFO] PluginManage:359 - Loaded plugin tutovideos (category:base,tabindex:-1)
2023-07-11 21:24:21,296 [INFO] PluginManage:310 - Check plugin updater
2023-07-11 21:24:21,311 [INFO] PluginManage:359 - Loaded plugin updater (category:base,tabindex:12)
2023-07-11 21:24:21,312 [INFO] PluginManage:283 - PluginManage : Loaded plugins [15]
2023-07-11 21:24:21,589 [INFO] PinOutPanel:1499 - setPackage(No Configuration,No Configuration)
2023-07-11 21:24:21,693 [INFO] CADModel:165 - CPN selected for project level
2023-07-11 21:24:21,693 [INFO] CADModel:114 - Register for checkConnection events
2023-07-11 21:24:21,707 [INFO] IPUIPlugin:80 - create IPUIPlugin
2023-07-11 21:24:21,708 [INFO] PluginManager:220 - loadIPPluginJar : add dma3
2023-07-11 21:24:21,714 [INFO] IPUIPlugin:80 - create IPUIPlugin
2023-07-11 21:24:21,714 [INFO] PluginManager:220 - loadIPPluginJar : add i2c
2023-07-11 21:24:21,717 [INFO] IPUIPlugin:80 - create IPUIPlugin
2023-07-11 21:24:21,717 [INFO] PluginManager:220 - loadIPPluginJar : add gtzc
2023-07-11 21:24:21,721 [INFO] IPUIPlugin:80 - create IPUIPlugin
2023-07-11 21:24:21,721 [INFO] PluginManager:220 - loadIPPluginJar : add nvic
2023-07-11 21:24:21,723 [INFO] IPUIPlugin:80 - create IPUIPlugin
2023-07-11 21:24:21,723 [INFO] PluginManager:220 - loadIPPluginJar : add genericplugin
2023-07-11 21:24:21,726 [INFO] IPUIPlugin:80 - create IPUIPlugin
2023-07-11 21:24:21,726 [INFO] PluginManager:220 - loadIPPluginJar : add usart
2023-07-11 21:24:21,730 [INFO] IPUIPlugin:80 - create IPUIPlugin
2023-07-11 21:24:21,730 [INFO] PluginManager:220 - loadIPPluginJar : add sai
2023-07-11 21:24:21,732 [INFO] IPUIPlugin:80 - create IPUIPlugin
2023-07-11 21:24:21,732 [INFO] PluginManager:220 - loadIPPluginJar : add ts
2023-07-11 21:24:21,738 [INFO] IPUIPlugin:80 - create IPUIPlugin
2023-07-11 21:24:21,738 [INFO] PluginManager:220 - loadIPPluginJar : add opamp
2023-07-11 21:24:21,741 [INFO] IPUIPlugin:80 - create IPUIPlugin
2023-07-11 21:24:21,741 [INFO] PluginManager:220 - loadIPPluginJar : add i3c
2023-07-11 21:24:21,744 [INFO] IPUIPlugin:80 - create IPUIPlugin
2023-07-11 21:24:21,745 [INFO] PluginManager:220 - loadIPPluginJar : add ipddr
2023-07-11 21:24:21,748 [INFO] IPUIPlugin:80 - create IPUIPlugin
2023-07-11 21:24:21,748 [INFO] PluginManager:220 - loadIPPluginJar : add touchsensing
2023-07-11 21:24:21,751 [INFO] IPUIPlugin:80 - create IPUIPlugin
2023-07-11 21:24:21,751 [INFO] PluginManager:220 - loadIPPluginJar : add dfsdm
2023-07-11 21:24:21,758 [INFO] IPUIPlugin:80 - create IPUIPlugin
2023-07-11 21:24:21,758 [INFO] PluginManager:220 - loadIPPluginJar : add dma
2023-07-11 21:24:21,760 [INFO] IPUIPlugin:80 - create IPUIPlugin
2023-07-11 21:24:21,761 [INFO] PluginManager:220 - loadIPPluginJar : add tim
2023-07-11 21:24:21,763 [INFO] IPUIPlugin:80 - create IPUIPlugin
2023-07-11 21:24:21,763 [INFO] PluginManager:220 - loadIPPluginJar : add cryp
2023-07-11 21:24:21,772 [INFO] IPUIPlugin:80 - create IPUIPlugin
2023-07-11 21:24:21,772 [INFO] PluginManager:220 - loadIPPluginJar : add linkedlist
2023-07-11 21:24:21,776 [INFO] IPUIPlugin:80 - create IPUIPlugin
2023-07-11 21:24:21,776 [INFO] PluginManager:220 - loadIPPluginJar : add pdm2pcm
2023-07-11 21:24:21,778 [INFO] IPUIPlugin:80 - create IPUIPlugin
2023-07-11 21:24:21,778 [INFO] PluginManager:220 - loadIPPluginJar : add fatfs
2023-07-11 21:24:21,782 [INFO] IPUIPlugin:80 - create IPUIPlugin
2023-07-11 21:24:21,782 [INFO] PluginManager:220 - loadIPPluginJar : add usbx
2023-07-11 21:24:21,785 [INFO] IPUIPlugin:80 - create IPUIPlugin
2023-07-11 21:24:21,785 [INFO] PluginManager:220 - loadIPPluginJar : add i2s
2023-07-11 21:24:21,788 [INFO] IPUIPlugin:80 - create IPUIPlugin
2023-07-11 21:24:21,788 [INFO] PluginManager:220 - loadIPPluginJar : add lorawan
2023-07-11 21:24:21,791 [INFO] IPUIPlugin:80 - create IPUIPlugin
2023-07-11 21:24:21,791 [INFO] PluginManager:220 - loadIPPluginJar : add aes
2023-07-11 21:24:21,798 [INFO] IPUIPlugin:80 - create IPUIPlugin
2023-07-11 21:24:21,798 [INFO] PluginManager:220 - loadIPPluginJar : add adc
2023-07-11 21:24:21,800 [INFO] IPUIPlugin:80 - create IPUIPlugin
2023-07-11 21:24:21,800 [INFO] PluginManager:220 - loadIPPluginJar : add ucpd
2023-07-11 21:24:21,802 [INFO] IPUIPlugin:80 - create IPUIPlugin
2023-07-11 21:24:21,803 [INFO] PluginManager:220 - loadIPPluginJar : add openamp
2023-07-11 21:24:21,807 [INFO] IPUIPlugin:80 - create IPUIPlugin
2023-07-11 21:24:21,807 [INFO] PluginManager:220 - loadIPPluginJar : add gpio
2023-07-11 21:24:21,810 [INFO] IPUIPlugin:80 - create IPUIPlugin
2023-07-11 21:24:21,810 [INFO] PluginManager:220 - loadIPPluginJar : add resmgrutility
2023-07-11 21:24:21,817 [INFO] IPUIPlugin:80 - create IPUIPlugin
2023-07-11 21:24:21,821 [INFO] PluginManager:220 - loadIPPluginJar : add plateformsettings
2023-07-11 21:24:21,823 [INFO] IPUIPlugin:80 - create IPUIPlugin
2023-07-11 21:24:21,823 [INFO] PluginManager:220 - loadIPPluginJar : add hash
2023-07-11 21:24:21,828 [INFO] IPUIPlugin:80 - create IPUIPlugin
2023-07-11 21:24:21,828 [INFO] PluginManager:220 - loadIPPluginJar : add fmc
2023-07-11 21:24:21,831 [INFO] IPUIPlugin:80 - create IPUIPlugin
2023-07-11 21:24:21,831 [INFO] PluginManager:220 - loadIPPluginJar : add spi
2023-07-11 21:24:21,833 [INFO] IPUIPlugin:80 - create IPUIPlugin
2023-07-11 21:24:21,833 [INFO] PluginManager:220 - loadIPPluginJar : add can
2023-07-11 21:24:21,834 [INFO] IPUIPlugin:80 - create IPUIPlugin
2023-07-11 21:24:21,834 [INFO] PluginManager:220 - loadIPPluginJar : add tsc
2023-07-11 21:24:21,839 [INFO] IPUIPlugin:80 - create IPUIPlugin
2023-07-11 21:24:21,840 [INFO] PluginManager:220 - loadIPPluginJar : add stm32_wpan
2023-07-11 21:24:21,841 [INFO] IPUIPlugin:80 - create IPUIPlugin
2023-07-11 21:24:21,841 [INFO] PluginManager:220 - loadIPPluginJar : add ltdc
2023-07-11 21:24:21,842 [INFO] IPUIPlugin:80 - create IPUIPlugin
2023-07-11 21:24:21,842 [INFO] PluginManager:220 - loadIPPluginJar : add quadspi
2023-07-11 21:24:21,848 [INFO] IPUIPlugin:80 - create IPUIPlugin
2023-07-11 21:24:21,848 [INFO] PluginManager:220 - loadIPPluginJar : add freertos
2023-07-11 21:24:21,849 [INFO] IPUIPlugin:80 - create IPUIPlugin
2023-07-11 21:24:21,849 [INFO] PluginManager:220 - loadIPPluginJar : add comp
2023-07-11 21:24:21,855 [INFO] IPUIPlugin:80 - create IPUIPlugin
2023-07-11 21:24:21,855 [INFO] PluginManager:220 - loadIPPluginJar : add gic
2023-07-11 21:24:21,856 [INFO] IPUIPlugin:80 - create IPUIPlugin
2023-07-11 21:24:21,857 [INFO] PluginManager:220 - loadIPPluginJar : add tracer_emb
2023-07-11 21:24:21,858 [INFO] IPUIPlugin:80 - create IPUIPlugin
2023-07-11 21:24:21,858 [INFO] PluginManager:220 - loadIPPluginJar : add gfxmmu
2023-07-11 21:24:21,865 [INFO] IPUIPlugin:80 - create IPUIPlugin
2023-07-11 21:24:21,865 [INFO] PluginManager:220 - loadIPPluginJar : add mdma
2023-07-11 21:24:21,971 [INFO] CADModel:165 - CPN selected for project level
2023-07-11 21:24:21,972 [INFO] CADModel:114 - Register for checkConnection events
2023-07-11 21:24:21,972 [FATAL] Updater:308 - Updater called before beeing initialized
2023-07-11 21:24:21,972 [ERROR] CADModel:125 - Updater not yet initialized, retry later 
2023-07-11 21:24:22,070 [INFO] CADModel:165 - CPN selected for project level
2023-07-11 21:24:22,071 [INFO] CADModel:114 - Register for checkConnection events
2023-07-11 21:24:22,071 [FATAL] Updater:308 - Updater called before beeing initialized
2023-07-11 21:24:22,071 [ERROR] CADModel:125 - Updater not yet initialized, retry later 
2023-07-11 21:24:22,074 [FATAL] Updater:308 - Updater called before beeing initialized
2023-07-11 21:24:22,159 [FATAL] Updater:308 - Updater called before beeing initialized
2023-07-11 21:24:22,164 [INFO] DbMcusAds:53 - JSON generation date=Tue Mar 07 01:50:55 MST 2023 (1678179055335)
2023-07-11 21:24:22,164 [FATAL] Updater:308 - Updater called before beeing initialized
2023-07-11 21:24:22,194 [WARN] DetailPanel:346 - Failed to get advertising image, set to default
2023-07-11 21:24:22,271 [FATAL] Updater:308 - Updater called before beeing initialized
2023-07-11 21:24:22,273 [FATAL] Updater:308 - Updater called before beeing initialized
2023-07-11 21:24:22,273 [FATAL] Updater:308 - Updater called before beeing initialized
2023-07-11 21:24:22,273 [WARN] DetailPanel:346 - Failed to get advertising image, set to default
2023-07-11 21:24:22,274 [FATAL] Updater:308 - Updater called before beeing initialized
2023-07-11 21:24:22,302 [ERROR] Updater:1120 - MainUpdater not yet initialized. External WinMGr cannot be set.
2023-07-11 21:24:22,303 [INFO] Updater:1056 - Updater Version found : 6.8.1
2023-07-11 21:24:22,326 [INFO] ApplicationProperties:184 - Using Application install path: /opt/st/stm32cubeide_1.10.1/../../../home/aaron/.eclipse/com.st.stm32cube.ide.mcu.rcp.product_1.10.1_139059409_linux_gtk_x86_64/plugins/com.st.stm32cube.common.mx_6.8.1.202304191431
2023-07-11 21:24:22,608 [INFO] MainUpdater:2854 - connection check result : 10
2023-07-11 21:24:22,608 [INFO] MainUpdater:283 - Updater Check For Update Now.
2023-07-11 21:24:22,609 [INFO] MicroXplorer:498 - Change Database Version : DB.6.0.81
2023-07-11 21:24:22,755 [INFO] CheckServerUpdateThread:120 - End of CheckServer Thread
2023-07-11 21:24:22,814 [INFO] MainUpdater:2854 - connection check result : 10
2023-07-11 21:24:22,964 [INFO] MainUpdater:2854 - connection check result : 10
2023-07-11 21:24:23,298 [INFO] ApiDb:581 - Connected to CubeFinder SQLite database (/home/aaron/.stmcufinder/plugins/mcufinder/mcu/cube-finder-db.db)
2023-07-11 21:24:23,344 [INFO] ApiDb:668 - CubeFinder database Data Model version=2.1
2023-07-11 21:24:23,346 [INFO] ApiDb:669 - CubeFinder database Configuration version=3.0.37
2023-07-11 21:24:23,347 [INFO] ApiDb:670 - CubeFinder database generation date=2023-06-26 (1687786131)
2023-07-11 21:24:23,347 [INFO] ApiDb:671 - CubeFinder database FW Pack versions=[FP-ATR-ASTRA1_V2.0.0, FP-SNS-FLIGHT1_V5.0.1, FP-SNS-MOTENV1_V4.3.1, STM32Cube_FW_C0_V1.1.0, STM32Cube_FW_F4_V1.27.1, STM32Cube_FW_F7_V1.17.0, STM32Cube_FW_G0_V1.6.1, STM32Cube_FW_G4_V1.5.1, STM32Cube_FW_H5_V0.5.1, STM32Cube_FW_H5_V1.1.0, STM32Cube_FW_H7_V1.11.0, STM32Cube_FW_L0_V1.12.2, STM32Cube_FW_L5_V1.5.0, STM32Cube_FW_U5_V1.3.0, STM32Cube_FW_U5_V1.3.0RC4, STM32Cube_FW_WBA_V1.0.0RC1, STM32Cube_FW_WBA_V1.1.0, STM32Cube_FW_WBA_V1.1.0RC1, STM32Cube_FW_WB_V1.15.0RC1, STM32Cube_FW_WB_V1.16.0, STM32Cube_FW_WB_V1.16.0RC2, STM32Cube_FW_WB_V1.17.0, STM32Cube_FW_WL_V1.3.0, X-CUBE-ALGOBUILD_V1.3.0, X-CUBE-ALS_V1.0.1, X-CUBE-AZRTOS-F4_V1.1.0, X-CUBE-AZRTOS-F7_V1.1.0, X-CUBE-AZRTOS-G0_V1.1.0, X-CUBE-AZRTOS-G4_V2.0.0, X-CUBE-AZRTOS-H7_V3.1.0, X-CUBE-AZRTOS-L4_V1.0.0, X-CUBE-AZRTOS-L4_V2.0.0, X-CUBE-AZRTOS-L5_V1.1.0, X-CUBE-AZRTOS-WB_V1.1.0, X-CUBE-AZRTOS-WL_V2.0.0, X-CUBE-BLE1_V6.2.4, X-CUBE-BLE2_V3.3.0, X-CUBE-BLEMGR_V2.0.0, X-CUBE-EEPRMA1_V4.1.0, X-CUBE-FREERTOS_V1.0.1, X-CUBE-GNSS1_V6.0.0, X-CUBE-MEMS1_V9.1.0, X-CUBE-MEMS1_V9.4.0, X-CUBE-MEMS1_V9.6.0, X-CUBE-NFC4_V3.0.0, X-CUBE-NFC7_V1.0.0, X-CUBE-SFXS2LP1_V4.0.0, X-CUBE-SUBG2_V5.0.0]
2023-07-11 21:24:23,447 [INFO] DbBoardsSqlite:226 - include board P-NUCLEO-WB55-NUCLEO as a kit item of type 'Nucleo-64'
2023-07-11 21:24:23,447 [INFO] DbBoardsSqlite:226 - include board P-NUCLEO-WB55-USBDONGLE as a kit item of type 'Nucleo USB Dongle'
2023-07-11 21:24:23,448 [INFO] DbBoardsSqlite:226 - include board STEVAL-IDP005V1 as a kit item of type 'Evaluation Board'
2023-07-11 21:24:23,448 [INFO] DbBoardsSqlite:226 - include board STEVAL-IDP005V2 as a kit item of type 'Evaluation Board'
2023-07-11 21:24:23,492 [INFO] ApiDb:240 - Found 297 in-development CPN: [B-G473E-ZEST1S, B-WB1M-WPAN1, B-WL5M-SUBG1, NUCLEO-C031C6, NUCLEO-H503RB, NUCLEO-H563ZI, NUCLEO-U545RE-Q, NUCLEO-U5A5ZJ-Q, NUCLEO-WBA52CG, STEVAL-PROTEUS1, STEVAL-STWINBX1, STM320518-EVAL, STM32C0116-DK, STM32C011D6Y3TR, STM32C011D6Y6TR, STM32C011F4P3, STM32C011F4P6, STM32C011F4U3, STM32C011F4U6TR, STM32C011F6P3, STM32C011F6P6, STM32C011F6U3, STM32C011F6U6TR, STM32C011J4M3, STM32C011J4M6, STM32C011J6M3, STM32C011J6M6, STM32C0316-DK, STM32C031C4T3, STM32C031C4T6, STM32C031C4U3, STM32C031C4U6, STM32C031C6T3, STM32C031C6T6, STM32C031C6U3, STM32C031C6U6, STM32C031F4P3, STM32C031F4P6, STM32C031F6P3, STM32C031F6P6, STM32C031G4U3, STM32C031G4U6, STM32C031G6U3, STM32C031G6U6, STM32C031K4T3, STM32C031K4T6, STM32C031K4U3, STM32C031K4U6, STM32C031K6T3, STM32C031K6T6, STM32C031K6U3, STM32C031K6U6, STM32G071K8TXN, STM32G071K8UXN, STM32G081GBU6N, STM32G081KBT6N, STM32G081KBUXN, STM32G0B1CCT6N, STM32G0B1KCT6, STM32G0B1NEY6TR, STM32G0B1RCT6N, STM32G0C1CCT6, STM32G0C1CCT6N, STM32G0C1CCU6N, STM32G0C1CET6N, STM32G0C1CEU6N, STM32G0C1KCT6, STM32G0C1NEY6TR, STM32G0C1RCI6N, STM32G0C1RCT6N, STM32G0C1REI6N, STM32G0C1RET6N, STM32G0C1VCI6, STM32G0C1VEI6, STM32G471CCT6, STM32G471CCU6, STM32G471CET3, STM32G471CET6, STM32G471CEU3, STM32G471CEU6, STM32G471MCT6, STM32G471MET3, STM32G471MET6, STM32G471MEY6TR, STM32G471QCT6, STM32G471QET3, STM32G471RCT6, STM32G471RET3, STM32G471RET6, STM32G471VCH6, STM32G471VCI6, STM32G471VCT6, STM32G471VEH3, STM32G471VEH6, STM32G471VEI3, STM32G471VEI6, STM32G471VET3, STM32G471VET6, STM32G474CCT6, STM32H503CBT6, STM32H503CBU6, STM32H503EBY6TR, STM32H503KBU6, STM32H503RBT6, STM32H562AGI6, STM32H562AII6, STM32H562IGK6, STM32H562IGT6, STM32H562IIK6, STM32H562IIT6, STM32H562RGT6, STM32H562RGV6, STM32H562RIT6, STM32H562RIV6, STM32H562VGT6, STM32H562VIT6, STM32H562ZGT6, STM32H562ZIT6, STM32H563AGI6, STM32H563AII3Q, STM32H563AII6, STM32H563IGK6, STM32H563IGT6, STM32H563IIK3Q, STM32H563IIK6, STM32H563IIT3Q, STM32H563IIT6, STM32H563MIY3QTR, STM32H563RGT6, STM32H563RGV6, STM32H563RIT6, STM32H563RIV6, STM32H563VGT6, STM32H563VIT3Q, STM32H563VIT6, STM32H563ZGT6, STM32H563ZIT3Q, STM32H563ZIT6, STM32H573AII3Q, STM32H573AII6, STM32H573I-DK, STM32H573IIK3Q, STM32H573IIK6, STM32H573IIT3Q, STM32H573IIT6, STM32H573MIY3QTR, STM32H573RIT6, STM32H573RIV6, STM32H573VIT3Q, STM32H573VIT6, STM32H573ZIT3Q, STM32H573ZIT6, STM32L4R5QGI6STR, STM32MP131AAE3, STM32MP131AAF3, STM32MP131AAG3, STM32MP131CAE3, STM32MP131CAF3, STM32MP131CAG3, STM32MP131DAE7, STM32MP131DAF7, STM32MP131DAG7, STM32MP131FAE7, STM32MP131FAF7, STM32MP131FAG7, STM32MP133AAE3, STM32MP133AAF3, STM32MP133AAG3, STM32MP133CAE3, STM32MP133CAF3, STM32MP133CAG3, STM32MP133DAE7, STM32MP133DAF7, STM32MP133DAG7, STM32MP133FAE7, STM32MP133FAF7, STM32MP133FAG7, STM32MP135AAE3, STM32MP135AAF3, STM32MP135AAG3, STM32MP135CAE3, STM32MP135CAF3, STM32MP135CAG3, STM32MP135DAE7, STM32MP135DAF7, STM32MP135DAG7, STM32MP135F-DK, STM32MP135FAE7, STM32MP135FAF7, STM32MP135FAF7T, STM32MP135FAF7U, STM32MP135FAG7, STM32U535CBT6, STM32U535CBT6Q, STM32U535CBU6, STM32U535CBU6Q, STM32U535CCT6, STM32U535CCT6Q, STM32U535CCU6, STM32U535CCU6Q, STM32U535CET6, STM32U535CET6Q, STM32U535CEU6, STM32U535CEU6Q, STM32U535JEY6QTR, STM32U535NCY6QTR, STM32U535NEY6QTR, STM32U535RBI6, STM32U535RBI6Q, STM32U535RBT6, STM32U535RBT6Q, STM32U535RCI6, STM32U535RCI6Q, STM32U535RCT6, STM32U535RCT6Q, STM32U535REI6, STM32U535REI6Q, STM32U535RET6, STM32U535RET6Q, STM32U535VCI6, STM32U535VCI6Q, STM32U535VCT6, STM32U535VCT6Q, STM32U535VEI6, STM32U535VEI6Q, STM32U535VET6, STM32U535VET6Q, STM32U545CET6, STM32U545CET6Q, STM32U545CEU6, STM32U545CEU6Q, STM32U545JEY6QTR, STM32U545NEY6QTR, STM32U545REI6, STM32U545REI6Q, STM32U545RET6, STM32U545RET6Q, STM32U545VEI6, STM32U545VEI6Q, STM32U545VET6, STM32U545VET6Q, STM32U595AIH6, STM32U595AIH6Q, STM32U595AJH6, STM32U595AJH6Q, STM32U595QII6, STM32U595QII6Q, STM32U595QJI6, STM32U595QJI6Q, STM32U595RIT6, STM32U595RIT6Q, STM32U595RJT6, STM32U595RJT6Q, STM32U595VIT6, STM32U595VIT6Q, STM32U595VJT6, STM32U595VJT6Q, STM32U595ZIT6, STM32U595ZIT6Q, STM32U595ZIY6QTR, STM32U595ZJT6, STM32U595ZJT6Q, STM32U595ZJY6QTR, STM32U599BJY6QTR, STM32U599NIH6Q, STM32U599NJH6Q, STM32U599VIT6Q, STM32U599VJT6, STM32U599VJT6Q, STM32U599ZIT6Q, STM32U599ZIY6QTR, STM32U599ZJT6Q, STM32U599ZJY6QTR, STM32U5A5AJH6, STM32U5A5AJH6Q, STM32U5A5QJI6, STM32U5A5QJI6Q, STM32U5A5RJT6, STM32U5A5RJT6Q, STM32U5A5VJT6, STM32U5A5VJT6Q, STM32U5A5ZJT6, STM32U5A5ZJT6Q, STM32U5A5ZJY6QTR, STM32U5A9BJY6QTR, STM32U5A9J-DK, STM32U5A9NJH6Q, STM32U5A9VJT6Q, STM32U5A9ZJT6Q, STM32U5A9ZJY6QTR, STM32WB1MMCH6, STM32WBA52CEU6, STM32WBA52CEU6T, STM32WBA52CGU6, STM32WBA52CGU6T, STM32WL5MOCH6, STM32WL5MOCH6TR]
2023-07-11 21:24:23,517 [INFO] ApiDb:668 - CubeFinder database Data Model version=2.1
2023-07-11 21:24:23,517 [INFO] ApiDb:669 - CubeFinder database Configuration version=3.0.37
2023-07-11 21:24:23,517 [INFO] ApiDb:670 - CubeFinder database generation date=2023-06-26 (1687786131)
2023-07-11 21:24:23,518 [INFO] ApiDb:671 - CubeFinder database FW Pack versions=[FP-ATR-ASTRA1_V2.0.0, FP-SNS-FLIGHT1_V5.0.1, FP-SNS-MOTENV1_V4.3.1, STM32Cube_FW_C0_V1.1.0, STM32Cube_FW_F4_V1.27.1, STM32Cube_FW_F7_V1.17.0, STM32Cube_FW_G0_V1.6.1, STM32Cube_FW_G4_V1.5.1, STM32Cube_FW_H5_V0.5.1, STM32Cube_FW_H5_V1.1.0, STM32Cube_FW_H7_V1.11.0, STM32Cube_FW_L0_V1.12.2, STM32Cube_FW_L5_V1.5.0, STM32Cube_FW_U5_V1.3.0, STM32Cube_FW_U5_V1.3.0RC4, STM32Cube_FW_WBA_V1.0.0RC1, STM32Cube_FW_WBA_V1.1.0, STM32Cube_FW_WBA_V1.1.0RC1, STM32Cube_FW_WB_V1.15.0RC1, STM32Cube_FW_WB_V1.16.0, STM32Cube_FW_WB_V1.16.0RC2, STM32Cube_FW_WB_V1.17.0, STM32Cube_FW_WL_V1.3.0, X-CUBE-ALGOBUILD_V1.3.0, X-CUBE-ALS_V1.0.1, X-CUBE-AZRTOS-F4_V1.1.0, X-CUBE-AZRTOS-F7_V1.1.0, X-CUBE-AZRTOS-G0_V1.1.0, X-CUBE-AZRTOS-G4_V2.0.0, X-CUBE-AZRTOS-H7_V3.1.0, X-CUBE-AZRTOS-L4_V1.0.0, X-CUBE-AZRTOS-L4_V2.0.0, X-CUBE-AZRTOS-L5_V1.1.0, X-CUBE-AZRTOS-WB_V1.1.0, X-CUBE-AZRTOS-WL_V2.0.0, X-CUBE-BLE1_V6.2.4, X-CUBE-BLE2_V3.3.0, X-CUBE-BLEMGR_V2.0.0, X-CUBE-EEPRMA1_V4.1.0, X-CUBE-FREERTOS_V1.0.1, X-CUBE-GNSS1_V6.0.0, X-CUBE-MEMS1_V9.1.0, X-CUBE-MEMS1_V9.4.0, X-CUBE-MEMS1_V9.6.0, X-CUBE-NFC4_V3.0.0, X-CUBE-NFC7_V1.0.0, X-CUBE-SFXS2LP1_V4.0.0, X-CUBE-SUBG2_V5.0.0]
2023-07-11 21:24:24,147 [WARN] PackLoader:240 - Cannot read IP mode file for STMicroelectronics.X-CUBE-GNSS1.6.0.0
2023-07-11 21:24:24,187 [WARN] PackLoader:240 - Cannot read IP mode file for STMicroelectronics.X-CUBE-AZRTOS-F4.1.1.0
2023-07-11 21:24:24,202 [WARN] PackLoader:240 - Cannot read IP mode file for STMicroelectronics.X-CUBE-SMBUS.2.1.0
2023-07-11 21:24:24,231 [WARN] PackLoader:240 - Cannot read IP mode file for STMicroelectronics.X-CUBE-AZRTOS-F7.1.1.0
2023-07-11 21:24:24,331 [WARN] PackLoader:240 - Cannot read IP mode file for STMicroelectronics.X-CUBE-MEMS1.9.6.0
2023-07-11 21:24:24,674 [ERROR] RealEvaluatedCondition:428 - Found unsupported composite condition: GROUP='STM32_MetaDataManager' CLASS='Data Exchange'
2023-07-11 21:24:24,674 [ERROR] RealEvaluatedCondition:428 - Found unsupported composite condition: CLASS='Data Exchange' GROUP='STM32_MetaDataManager'
2023-07-11 21:24:24,676 [WARN] PackLoader:240 - Cannot read IP mode file for STMicroelectronics.FP-SNS-MOTENV1.4.3.0
2023-07-11 21:24:24,684 [WARN] PackLoader:240 - Cannot read IP mode file for STMicroelectronics.FP-SNS-MOTENV1.4.3.2
2023-07-11 21:24:24,702 [WARN] PackLoader:240 - Cannot read IP mode file for STMicroelectronics.FP-SNS-FLIGHT1.5.0.0
2023-07-11 21:24:24,706 [ERROR] RealEvaluatedCondition:428 - Found unsupported composite condition: GROUP='STM32_MetaDataManager' CLASS='Data Exchange'
2023-07-11 21:24:24,706 [ERROR] RealEvaluatedCondition:428 - Found unsupported composite condition: GROUP='STM32_MetaDataManager' CLASS='Data Exchange'
2023-07-11 21:24:24,708 [WARN] PackLoader:240 - Cannot read IP mode file for STMicroelectronics.FP-SNS-MOTENV1.4.3.1
2023-07-11 21:24:24,714 [WARN] PackLoader:240 - Cannot read IP mode file for STMicroelectronics.FP-SNS-FLIGHT1.5.0.1
2023-07-11 21:24:24,722 [WARN] PackLoader:240 - Cannot read IP mode file for emotas.I-CUBE-CANOPEN.1.1.3
2023-07-11 21:24:24,736 [WARN] PackLoader:240 - Cannot read IP mode file for STMicroelectronics.X-CUBE-BLEMGR.2.0.0
2023-07-11 21:24:24,745 [WARN] PackLoader:240 - Cannot read IP mode file for STMicroelectronics.X-CUBE-NFC4.2.0.5
2023-07-11 21:24:24,774 [WARN] ConditionMgr:438 - getConditionDescription Invalid condition id : UX DEVICE CLASS RTOS Condition cause : null
2023-07-11 21:24:24,775 [WARN] ConditionMgr:438 - getConditionDescription Invalid condition id : UX DEVICE CLASS RTOS Condition cause : null
2023-07-11 21:24:24,781 [WARN] PackLoader:240 - Cannot read IP mode file for STMicroelectronics.X-CUBE-AZRTOS-H7.3.1.0
2023-07-11 21:24:24,783 [WARN] ConditionMgr:1039 - genDependencies : Invalid condition id : UX DEVICE CLASS RTOS Condition cause : null
2023-07-11 21:24:24,783 [WARN] ConditionMgr:1039 - genDependencies : Invalid condition id : UX DEVICE CLASS RTOS Condition cause : null
2023-07-11 21:24:24,784 [WARN] ConditionMgr:1039 - genDependencies : Invalid condition id : UX DEVICE CLASS RTOS Condition cause : null
2023-07-11 21:24:24,784 [WARN] ConditionMgr:1039 - genDependencies : Invalid condition id : UX DEVICE CLASS RTOS Condition cause : null
2023-07-11 21:24:24,785 [WARN] ConditionMgr:1039 - genDependencies : Invalid condition id : UX DEVICE CLASS RTOS Condition cause : null
2023-07-11 21:24:24,811 [WARN] PackLoader:240 - Cannot read IP mode file for STMicroelectronics.X-CUBE-DISPLAY.3.0.0
2023-07-11 21:24:24,848 [WARN] PackLoader:240 - Cannot read IP mode file for wolfSSL.I-CUBE-wolfSSL.5.5.3
2023-07-11 21:24:24,852 [WARN] PackLoader:240 - Cannot read IP mode file for STMicroelectronics.X-CUBE-TOUCHGFX.4.22.0
2023-07-11 21:24:24,857 [WARN] PackLoader:240 - Cannot read IP mode file for STMicroelectronics.X-CUBE-NFC7.1.0.1
2023-07-11 21:24:24,863 [WARN] PackLoader:240 - Cannot read IP mode file for STMicroelectronics.X-CUBE-NFC7.1.0.0
2023-07-11 21:24:24,870 [WARN] PackLoader:240 - Cannot read IP mode file for STMicroelectronics.X-CUBE-EEPRMA1.4.1.0
2023-07-11 21:24:24,885 [INFO] LogOutputStream:77 - [STDOUT_REDIRECT] 1 : Invalid condition id : UX_CORESTACK_Condition cause : null
2023-07-11 21:24:24,886 [INFO] LogOutputStream:77 - [STDOUT_REDIRECT] 1 : Invalid condition id : UX_CORESTACK_Condition cause : null
2023-07-11 21:24:24,886 [INFO] LogOutputStream:77 - [STDOUT_REDIRECT] 1 : Invalid condition id : UX_CORESTACK_Condition cause : null
2023-07-11 21:24:24,886 [INFO] LogOutputStream:77 - [STDOUT_REDIRECT] 1 : Invalid condition id : UX_CORESTACK_Condition cause : null
2023-07-11 21:24:24,886 [INFO] LogOutputStream:77 - [STDOUT_REDIRECT] 1 : Invalid condition id : UX_CORESTACK_Condition cause : null
2023-07-11 21:24:24,891 [WARN] PackLoader:240 - Cannot read IP mode file for STMicroelectronics.X-CUBE-AZRTOS-WL.2.0.0
2023-07-11 21:24:24,925 [WARN] ConditionMgr:438 - getConditionDescription Invalid condition id : LAN8742 Phy interface Condition cause : null
2023-07-11 21:24:24,926 [WARN] PackLoader:240 - Cannot read IP mode file for STMicroelectronics.X-CUBE-AZRTOS-L4.2.0.0
2023-07-11 21:24:24,927 [WARN] ConditionMgr:1039 - genDependencies : Invalid condition id : LAN8742 Phy interface Condition cause : null
2023-07-11 21:24:24,927 [WARN] ConditionMgr:1039 - genDependencies : Invalid condition id : LAN8742 Phy interface Condition cause : null
2023-07-11 21:24:24,928 [WARN] ConditionMgr:1039 - genDependencies : Invalid condition id : LAN8742 Phy interface Condition cause : null
2023-07-11 21:24:24,934 [WARN] PackLoader:240 - Cannot read IP mode file for WES.I-CUBE-Cesium.1.3.0
2023-07-11 21:24:24,938 [WARN] PackLoader:240 - Cannot read IP mode file for STMicroelectronics.X-CUBE-BLE2.3.3.0
2023-07-11 21:24:24,943 [WARN] PackLoader:240 - Cannot read IP mode file for STMicroelectronics.X-CUBE-DISPLAY.2.2.0
2023-07-11 21:24:24,954 [WARN] PackLoader:240 - Cannot read IP mode file for STMicroelectronics.X-CUBE-TOF1.3.2.0
2023-07-11 21:24:25,006 [WARN] PackLoader:240 - Cannot read IP mode file for STMicroelectronics.X-CUBE-AZRTOS-H7.3.0.0
2023-07-11 21:24:25,014 [WARN] PackLoader:240 - Cannot read IP mode file for RoweBots.I-CUBE-UNISONRTOS.5.5.0-4
2023-07-11 21:24:25,017 [WARN] PackLoader:240 - Cannot read IP mode file for STMicroelectronics.X-CUBE-AI.8.0.0
2023-07-11 21:24:25,021 [WARN] PackLoader:240 - Cannot read IP mode file for STMicroelectronics.X-CUBE-FREERTOS.1.0.0
2023-07-11 21:24:25,025 [WARN] PackLoader:240 - Cannot read IP mode file for STMicroelectronics.X-CUBE-FREERTOS.1.0.1
2023-07-11 21:24:25,027 [WARN] PackLoader:240 - Cannot read IP mode file for STMicroelectronics.X-CUBE-TOUCHGFX.4.21.1
2023-07-11 21:24:25,029 [WARN] PackLoader:240 - Cannot read IP mode file for STMicroelectronics.X-CUBE-TOUCHGFX.4.21.0
2023-07-11 21:24:25,032 [WARN] PackLoader:240 - Cannot read IP mode file for STMicroelectronics.X-CUBE-TOUCHGFX.4.21.3
2023-07-11 21:24:25,034 [WARN] PackLoader:240 - Cannot read IP mode file for STMicroelectronics.X-CUBE-TOUCHGFX.4.21.4
2023-07-11 21:24:25,089 [WARN] PackLoader:240 - Cannot read IP mode file for STMicroelectronics.X-CUBE-MEMS1.9.4.0
2023-07-11 21:24:25,319 [WARN] PackLoader:240 - Cannot read IP mode file for STMicroelectronics.X-CUBE-AI.7.3.0
2023-07-11 21:24:25,324 [WARN] PackLoader:240 - Cannot read IP mode file for STMicroelectronics.X-CUBE-ALGOBUILD.1.3.0
2023-07-11 21:24:25,344 [WARN] PackLoader:240 - Cannot read IP mode file for STMicroelectronics.X-CUBE-AZRTOS-L5.1.1.0
2023-07-11 21:24:25,366 [WARN] PackLoader:240 - Cannot read IP mode file for STMicroelectronics.X-CUBE-AZRTOS-G0.1.1.0
2023-07-11 21:24:25,371 [WARN] PackLoader:240 - Cannot read IP mode file for STMicroelectronics.X-CUBE-AI.8.0.1
2023-07-11 21:24:25,394 [WARN] PackLoader:240 - Cannot read IP mode file for STMicroelectronics.X-CUBE-SUBG2.5.0.0
2023-07-11 21:24:25,409 [WARN] PackLoader:240 - Cannot read IP mode file for STMicroelectronics.X-CUBE-NFC4.3.0.0
2023-07-11 21:24:25,432 [WARN] PackLoader:240 - Cannot read IP mode file for STMicroelectronics.X-CUBE-AZRTOS-G4.2.0.0
2023-07-11 21:24:25,449 [WARN] PackLoader:240 - Cannot read IP mode file for STMicroelectronics.X-CUBE-TOF1.3.3.0
2023-07-11 21:24:25,467 [WARN] PackLoader:240 - Cannot read IP mode file for STMicroelectronics.FP-ATR-ASTRA1.1.1.1
2023-07-11 21:24:25,477 [WARN] PackLoader:240 - Cannot read IP mode file for STMicroelectronics.X-CUBE-BLEMGR.1.3.0
2023-07-11 21:24:25,509 [WARN] PackLoader:240 - Cannot read IP mode file for STMicroelectronics.X-CUBE-AZRTOS-G4.1.0.0
2023-07-11 21:24:25,536 [WARN] PackLoader:240 - Cannot read IP mode file for STMicroelectronics.X-CUBE-AZRTOS-L4.1.0.0
2023-07-11 21:24:25,542 [WARN] PackLoader:240 - Cannot read IP mode file for STMicroelectronics.X-CUBE-TOUCHGFX.4.20.0
2023-07-11 21:24:25,556 [WARN] PackLoader:240 - Cannot read IP mode file for STMicroelectronics.X-CUBE-AZRTOS-WL.1.0.0
2023-07-11 21:24:25,563 [WARN] PackLoader:240 - Cannot read IP mode file for portGmbH.I-Cube-SoM-uGOAL.1.1.0
2023-07-11 21:24:25,567 [WARN] PackLoader:240 - Cannot read IP mode file for STMicroelectronics.X-CUBE-ALS.1.0.1
2023-07-11 21:24:25,631 [WARN] PackLoader:240 - Cannot read IP mode file for STMicroelectronics.X-CUBE-MEMS1.9.5.0
2023-07-11 21:24:25,821 [WARN] PackLoader:240 - Cannot read IP mode file for STMicroelectronics.X-CUBE-AZRTOS-WB.1.1.0
2023-07-11 21:24:25,866 [WARN] PackLoader:240 - Cannot read IP mode file for SEGGER.I-CUBE-embOS.1.3.1
2023-07-11 21:24:25,946 [WARN] PackLoader:240 - Cannot read IP mode file for STMicroelectronics.X-CUBE-EEPRMA1.3.1.1
2023-07-11 21:24:25,988 [WARN] PackLoader:240 - Cannot read IP mode file for SEGGER.I-CUBE-embOS.1.3.0
2023-07-11 21:24:26,043 [WARN] PackLoader:240 - Cannot read IP mode file for STMicroelectronics.FP-ATR-ASTRA1.2.0.0
2023-07-11 21:24:26,045 [INFO] ThirdParty:978 - Integrity check success = true
2023-07-11 21:24:26,045 [INFO] IntegrityCheckThread:100 - exiting critical section [integrity check]
2023-07-11 21:24:26,045 [INFO] IntegrityCheckThread:103 - End integrity checks thread
2023-07-11 21:24:26,606 [INFO] ApiDb:240 - Found 297 in-development CPN: [B-G473E-ZEST1S, B-WB1M-WPAN1, B-WL5M-SUBG1, NUCLEO-C031C6, NUCLEO-H503RB, NUCLEO-H563ZI, NUCLEO-U545RE-Q, NUCLEO-U5A5ZJ-Q, NUCLEO-WBA52CG, STEVAL-PROTEUS1, STEVAL-STWINBX1, STM320518-EVAL, STM32C0116-DK, STM32C011D6Y3TR, STM32C011D6Y6TR, STM32C011F4P3, STM32C011F4P6, STM32C011F4U3, STM32C011F4U6TR, STM32C011F6P3, STM32C011F6P6, STM32C011F6U3, STM32C011F6U6TR, STM32C011J4M3, STM32C011J4M6, STM32C011J6M3, STM32C011J6M6, STM32C0316-DK, STM32C031C4T3, STM32C031C4T6, STM32C031C4U3, STM32C031C4U6, STM32C031C6T3, STM32C031C6T6, STM32C031C6U3, STM32C031C6U6, STM32C031F4P3, STM32C031F4P6, STM32C031F6P3, STM32C031F6P6, STM32C031G4U3, STM32C031G4U6, STM32C031G6U3, STM32C031G6U6, STM32C031K4T3, STM32C031K4T6, STM32C031K4U3, STM32C031K4U6, STM32C031K6T3, STM32C031K6T6, STM32C031K6U3, STM32C031K6U6, STM32G071K8TXN, STM32G071K8UXN, STM32G081GBU6N, STM32G081KBT6N, STM32G081KBUXN, STM32G0B1CCT6N, STM32G0B1KCT6, STM32G0B1NEY6TR, STM32G0B1RCT6N, STM32G0C1CCT6, STM32G0C1CCT6N, STM32G0C1CCU6N, STM32G0C1CET6N, STM32G0C1CEU6N, STM32G0C1KCT6, STM32G0C1NEY6TR, STM32G0C1RCI6N, STM32G0C1RCT6N, STM32G0C1REI6N, STM32G0C1RET6N, STM32G0C1VCI6, STM32G0C1VEI6, STM32G471CCT6, STM32G471CCU6, STM32G471CET3, STM32G471CET6, STM32G471CEU3, STM32G471CEU6, STM32G471MCT6, STM32G471MET3, STM32G471MET6, STM32G471MEY6TR, STM32G471QCT6, STM32G471QET3, STM32G471RCT6, STM32G471RET3, STM32G471RET6, STM32G471VCH6, STM32G471VCI6, STM32G471VCT6, STM32G471VEH3, STM32G471VEH6, STM32G471VEI3, STM32G471VEI6, STM32G471VET3, STM32G471VET6, STM32G474CCT6, STM32H503CBT6, STM32H503CBU6, STM32H503EBY6TR, STM32H503KBU6, STM32H503RBT6, STM32H562AGI6, STM32H562AII6, STM32H562IGK6, STM32H562IGT6, STM32H562IIK6, STM32H562IIT6, STM32H562RGT6, STM32H562RGV6, STM32H562RIT6, STM32H562RIV6, STM32H562VGT6, STM32H562VIT6, STM32H562ZGT6, STM32H562ZIT6, STM32H563AGI6, STM32H563AII3Q, STM32H563AII6, STM32H563IGK6, STM32H563IGT6, STM32H563IIK3Q, STM32H563IIK6, STM32H563IIT3Q, STM32H563IIT6, STM32H563MIY3QTR, STM32H563RGT6, STM32H563RGV6, STM32H563RIT6, STM32H563RIV6, STM32H563VGT6, STM32H563VIT3Q, STM32H563VIT6, STM32H563ZGT6, STM32H563ZIT3Q, STM32H563ZIT6, STM32H573AII3Q, STM32H573AII6, STM32H573I-DK, STM32H573IIK3Q, STM32H573IIK6, STM32H573IIT3Q, STM32H573IIT6, STM32H573MIY3QTR, STM32H573RIT6, STM32H573RIV6, STM32H573VIT3Q, STM32H573VIT6, STM32H573ZIT3Q, STM32H573ZIT6, STM32L4R5QGI6STR, STM32MP131AAE3, STM32MP131AAF3, STM32MP131AAG3, STM32MP131CAE3, STM32MP131CAF3, STM32MP131CAG3, STM32MP131DAE7, STM32MP131DAF7, STM32MP131DAG7, STM32MP131FAE7, STM32MP131FAF7, STM32MP131FAG7, STM32MP133AAE3, STM32MP133AAF3, STM32MP133AAG3, STM32MP133CAE3, STM32MP133CAF3, STM32MP133CAG3, STM32MP133DAE7, STM32MP133DAF7, STM32MP133DAG7, STM32MP133FAE7, STM32MP133FAF7, STM32MP133FAG7, STM32MP135AAE3, STM32MP135AAF3, STM32MP135AAG3, STM32MP135CAE3, STM32MP135CAF3, STM32MP135CAG3, STM32MP135DAE7, STM32MP135DAF7, STM32MP135DAG7, STM32MP135F-DK, STM32MP135FAE7, STM32MP135FAF7, STM32MP135FAF7T, STM32MP135FAF7U, STM32MP135FAG7, STM32U535CBT6, STM32U535CBT6Q, STM32U535CBU6, STM32U535CBU6Q, STM32U535CCT6, STM32U535CCT6Q, STM32U535CCU6, STM32U535CCU6Q, STM32U535CET6, STM32U535CET6Q, STM32U535CEU6, STM32U535CEU6Q, STM32U535JEY6QTR, STM32U535NCY6QTR, STM32U535NEY6QTR, STM32U535RBI6, STM32U535RBI6Q, STM32U535RBT6, STM32U535RBT6Q, STM32U535RCI6, STM32U535RCI6Q, STM32U535RCT6, STM32U535RCT6Q, STM32U535REI6, STM32U535REI6Q, STM32U535RET6, STM32U535RET6Q, STM32U535VCI6, STM32U535VCI6Q, STM32U535VCT6, STM32U535VCT6Q, STM32U535VEI6, STM32U535VEI6Q, STM32U535VET6, STM32U535VET6Q, STM32U545CET6, STM32U545CET6Q, STM32U545CEU6, STM32U545CEU6Q, STM32U545JEY6QTR, STM32U545NEY6QTR, STM32U545REI6, STM32U545REI6Q, STM32U545RET6, STM32U545RET6Q, STM32U545VEI6, STM32U545VEI6Q, STM32U545VET6, STM32U545VET6Q, STM32U595AIH6, STM32U595AIH6Q, STM32U595AJH6, STM32U595AJH6Q, STM32U595QII6, STM32U595QII6Q, STM32U595QJI6, STM32U595QJI6Q, STM32U595RIT6, STM32U595RIT6Q, STM32U595RJT6, STM32U595RJT6Q, STM32U595VIT6, STM32U595VIT6Q, STM32U595VJT6, STM32U595VJT6Q, STM32U595ZIT6, STM32U595ZIT6Q, STM32U595ZIY6QTR, STM32U595ZJT6, STM32U595ZJT6Q, STM32U595ZJY6QTR, STM32U599BJY6QTR, STM32U599NIH6Q, STM32U599NJH6Q, STM32U599VIT6Q, STM32U599VJT6, STM32U599VJT6Q, STM32U599ZIT6Q, STM32U599ZIY6QTR, STM32U599ZJT6Q, STM32U599ZJY6QTR, STM32U5A5AJH6, STM32U5A5AJH6Q, STM32U5A5QJI6, STM32U5A5QJI6Q, STM32U5A5RJT6, STM32U5A5RJT6Q, STM32U5A5VJT6, STM32U5A5VJT6Q, STM32U5A5ZJT6, STM32U5A5ZJT6Q, STM32U5A5ZJY6QTR, STM32U5A9BJY6QTR, STM32U5A9J-DK, STM32U5A9NJH6Q, STM32U5A9VJT6Q, STM32U5A9ZJT6Q, STM32U5A9ZJY6QTR, STM32WB1MMCH6, STM32WBA52CEU6, STM32WBA52CEU6T, STM32WBA52CGU6, STM32WBA52CGU6T, STM32WL5MOCH6, STM32WL5MOCH6TR]
2023-07-11 21:24:26,609 [INFO] DbMcus:216 - Found 3825 MCUs, 3825 are supported
2023-07-11 21:24:26,611 [INFO] ApiDb:423 - Load user favorites file /home/aaron/.stm32cubeide/favorites.mcus.txt: 0 item(s)
2023-07-11 21:24:26,611 [INFO] ApiDb:427 - User favorites MCUs=[]
2023-07-11 21:24:26,611 [INFO] DbMcus:222 - Set 0 / 0 favorites MCUs
2023-07-11 21:24:26,902 [INFO] BoardInfo:880 - No configuration file found for board P-NUCLEO-WB55
2023-07-11 21:24:26,902 [INFO] DbBoards:157 - Kit is not supported: P-NUCLEO-WB55
2023-07-11 21:24:26,905 [INFO] BoardInfo:880 - No configuration file found for board STEVAL-BFA001V1B
2023-07-11 21:24:26,905 [INFO] DbBoards:157 - Kit is not supported: STEVAL-BFA001V1B
2023-07-11 21:24:26,905 [INFO] BoardInfo:880 - No configuration file found for board STEVAL-BFA001V2B
2023-07-11 21:24:26,905 [INFO] DbBoards:157 - Kit is not supported: STEVAL-BFA001V2B
2023-07-11 21:24:26,908 [INFO] BoardInfo:880 - No configuration file found for board STEVAL-SMARTAG2
2023-07-11 21:24:26,908 [INFO] DbBoards:157 - Board is not supported: STEVAL-SMARTAG2
2023-07-11 21:24:26,965 [INFO] DbBoards:161 - Found 188 boards, 184 are supported
2023-07-11 21:24:26,967 [INFO] ApiDb:423 - Load user favorites file /home/aaron/.stm32cubeide/favorites.boards.txt: 2 item(s)
2023-07-11 21:24:26,967 [INFO] ApiDb:427 - User favorites Boards=[NUCLEO-F446RE, NUCLEO-L476RG]
2023-07-11 21:24:26,967 [INFO] DbBoards:190 - Set 2 / 2 favorites Boards
2023-07-11 21:24:26,968 [INFO] McuFinderGlobals:66 - Set McuFinderConnectedMode to true
2023-07-11 21:24:26,974 [INFO] MultiScanPanel:200 - Auto-refresh data requested => check proxy status ongoing
2023-07-11 21:24:26,976 [INFO] FinderPluginLoader:95 - Searching for filters in installed packs
2023-07-11 21:24:28,354 [INFO] LoadUrlFilesThread:185 - End of LoadServerUrlFiles without Thread
2023-07-11 21:24:28,361 [INFO] DetailPanel:341 - Set advertising image to /home/aaron/STM32Cube/Repository//en.prom-stm32h5-mcu-finder.jpg
2023-07-11 21:24:29,518 [INFO] McuFinderGlobals:66 - Set McuFinderConnectedMode to true
2023-07-11 21:24:29,518 [INFO] MultiScanPanel:200 - Auto-refresh data requested => check proxy status ongoing
2023-07-11 21:24:29,519 [INFO] FinderPluginLoader:95 - Searching for filters in installed packs
2023-07-11 21:24:30,873 [INFO] LoadUrlFilesThread:185 - End of LoadServerUrlFiles without Thread
2023-07-11 21:24:30,873 [INFO] DetailPanel:341 - Set advertising image to /home/aaron/STM32Cube/Repository//en.prom-stm32h5-mcu-finder.jpg
2023-07-11 21:26:36,649 [INFO] MainUpdater:2854 - connection check result : 10
2023-07-11 21:26:36,858 [INFO] McuFinderGlobals:66 - Set McuFinderConnectedMode to true
2023-07-11 21:26:36,858 [INFO] MultiScanPanel:200 - Auto-refresh data requested => check proxy status ongoing
2023-07-11 21:26:36,858 [INFO] FinderPluginLoader:95 - Searching for filters in installed packs
2023-07-11 21:26:37,773 [INFO] LoadUrlFilesThread:185 - End of LoadServerUrlFiles without Thread
2023-07-11 21:26:37,773 [INFO] DetailPanel:341 - Set advertising image to /home/aaron/STM32Cube/Repository//en.prom-stm32h5-mcu-finder.jpg
2023-07-11 21:27:22,984 [INFO] MultiScanPanel:200 - Auto-refresh data requested => check proxy status ongoing
2023-07-11 21:27:23,063 [INFO] LoadUrlFilesThread:185 - End of LoadServerUrlFiles without Thread
2023-07-11 21:27:23,063 [INFO] DetailPanel:341 - Set advertising image to /home/aaron/STM32Cube/Repository//en.prom-stm32h5-mcu-finder.jpg
2023-07-11 21:29:25,040 [INFO] McuFinderGlobals:66 - Set McuFinderConnectedMode to true
2023-07-11 21:29:25,043 [INFO] ApiDb:448 - Save user favorites file /home/aaron/.stm32cubeide/favorites.mcus.txt: 0 item(s)
2023-07-11 21:29:25,044 [INFO] ApiDb:452 - User favorites MCUs=[]
2023-07-11 21:29:25,045 [INFO] ApiDb:448 - Save user favorites file /home/aaron/.stm32cubeide/favorites.boards.txt: 2 item(s)
2023-07-11 21:29:25,045 [INFO] ApiDb:452 - User favorites Boards=[NUCLEO-F446RE, NUCLEO-L476RG]
2023-07-11 21:32:26,040 [INFO] MainUpdater:2854 - connection check result : 10
2023-07-11 21:32:26,252 [INFO] McuFinderGlobals:66 - Set McuFinderConnectedMode to true
2023-07-11 21:32:26,252 [INFO] MultiScanPanel:200 - Auto-refresh data requested => check proxy status ongoing
2023-07-11 21:32:26,253 [INFO] FinderPluginLoader:95 - Searching for filters in installed packs
2023-07-11 21:32:27,075 [INFO] LoadUrlFilesThread:185 - End of LoadServerUrlFiles without Thread
2023-07-11 21:32:27,076 [INFO] DetailPanel:341 - Set advertising image to /home/aaron/STM32Cube/Repository//en.prom-stm32h5-mcu-finder.jpg
2023-07-11 21:32:43,385 [INFO] MainUpdater:2854 - connection check result : 10
2023-07-11 21:32:43,385 [INFO] MainUpdater:2854 - connection check result : 10
2023-07-11 21:32:43,443 [INFO] MicroXplorer:468 - Change Database Path : 
2023-07-11 21:32:43,443 [INFO] MicroXplorer:498 - Change Database Version : DB.6.0.81
2023-07-11 21:32:43,443 [WARN] ThirdParty:871 - waiting for thirdparty lock release [close project]
2023-07-11 21:32:43,443 [INFO] ThirdParty:873 - entering critical section [close project]
2023-07-11 21:32:43,444 [INFO] ThirdParty:883 - exiting critical section [close project]
2023-07-11 21:32:43,446 [INFO] PinOutPanel:1499 - setPackage(No Configuration,No Configuration)
2023-07-11 21:32:43,453 [INFO] UtilMem:75 - Begin LoadConfig() Used Memory: 332644768 Bytes (853540864)
2023-07-11 21:32:43,459 [INFO] MicroXplorer:468 - Change Database Path : /home/aaron/.stm32cubemx/databases/DB.6.0.70/db/
2023-07-11 21:32:43,460 [INFO] MicroXplorer:498 - Change Database Version : DB.6.0.70
2023-07-11 21:33:06,248 [INFO] OpenFileManager:308 - Change cursor
2023-07-11 21:33:06,288 [INFO] Mcu:1937 - Initializing MCU STM32F446R(C-E)Tx STM32F446RETx STM32F446RET6
2023-07-11 21:33:07,578 [INFO] Context:659 - Trying to add GPIOservice into a context  which must be forbidden
2023-07-11 21:33:08,694 [INFO] RtosManager:555 - Registered RTOS mode: class=CMSIS, group=RTOS, mode=CMSIS_V1, owner=FREERTOS
2023-07-11 21:33:08,694 [INFO] RtosManager:555 - Registered RTOS mode: class=CMSIS, group=RTOS2, mode=CMSIS_V2, owner=FREERTOS
2023-07-11 21:33:08,694 [INFO] RtosManager:555 - Registered RTOS mode: class=RTOS, group=Core, mode=CMSIS_V1, owner=FREERTOS
2023-07-11 21:33:08,695 [INFO] RtosManager:555 - Registered RTOS mode: class=RTOS, group=Core, mode=CMSIS_V2, owner=FREERTOS
2023-07-11 21:33:08,695 [WARN] ModelIntegratedComponent:184 - Missing modes for component STMicroelectronics:FreeRTOS:0.0.1:STMicroelectronics:RTOS:FreeRTOS:Core:::10.2.0:
2023-07-11 21:33:08,715 [WARN] ModelIntegratedComponent:63 - No mode defined for component null
2023-07-11 21:33:08,715 [WARN] ModelIntegratedComponent:63 - No mode defined for component null
2023-07-11 21:33:08,715 [WARN] ModelIntegratedComponent:63 - No mode defined for component null
2023-07-11 21:33:08,715 [WARN] ModelIntegratedComponent:63 - No mode defined for component null
2023-07-11 21:33:08,715 [WARN] ModelIntegratedComponent:63 - No mode defined for component null
2023-07-11 21:33:08,715 [WARN] ModelIntegratedComponent:63 - No mode defined for component null
2023-07-11 21:33:08,715 [WARN] ModelIntegratedComponent:63 - No mode defined for component null
2023-07-11 21:33:08,715 [WARN] ModelIntegratedComponent:63 - No mode defined for component null
2023-07-11 21:33:08,716 [WARN] ModelIntegratedComponent:63 - No mode defined for component null
2023-07-11 21:33:08,716 [WARN] ModelIntegratedComponent:63 - No mode defined for component null
2023-07-11 21:33:08,716 [WARN] ModelIntegratedComponent:63 - No mode defined for component null
2023-07-11 21:33:08,716 [WARN] ModelIntegratedComponent:63 - No mode defined for component null
2023-07-11 21:33:08,716 [WARN] ModelIntegratedComponent:63 - No mode defined for component null
2023-07-11 21:33:08,716 [WARN] ModelIntegratedComponent:63 - No mode defined for component null
2023-07-11 21:33:08,716 [WARN] ModelIntegratedComponent:63 - No mode defined for component null
2023-07-11 21:33:08,716 [WARN] ModelIntegratedComponent:63 - No mode defined for component null
2023-07-11 21:33:08,716 [WARN] ModelIntegratedComponent:63 - No mode defined for component null
2023-07-11 21:33:08,716 [WARN] ModelIntegratedComponent:63 - No mode defined for component null
2023-07-11 21:33:08,716 [WARN] ModelIntegratedComponent:63 - No mode defined for component null
2023-07-11 21:33:08,716 [WARN] ModelIntegratedComponent:63 - No mode defined for component null
2023-07-11 21:33:08,716 [WARN] ModelIntegratedComponent:63 - No mode defined for component null
2023-07-11 21:33:08,716 [WARN] ModelIntegratedComponent:63 - No mode defined for component null
2023-07-11 21:33:08,716 [WARN] ModelIntegratedComponent:63 - No mode defined for component null
2023-07-11 21:33:08,717 [WARN] ModelIntegratedComponent:63 - No mode defined for component null
2023-07-11 21:33:08,717 [WARN] ModelIntegratedComponent:63 - No mode defined for component null
2023-07-11 21:33:08,717 [WARN] ModelIntegratedComponent:63 - No mode defined for component null
2023-07-11 21:33:08,717 [WARN] ModelIntegratedComponent:63 - No mode defined for component null
2023-07-11 21:33:08,717 [WARN] ModelIntegratedComponent:63 - No mode defined for component null
2023-07-11 21:33:08,717 [WARN] ModelIntegratedComponent:63 - No mode defined for component null
2023-07-11 21:33:08,717 [WARN] ModelIntegratedComponent:63 - No mode defined for component null
2023-07-11 21:33:08,717 [WARN] ModelIntegratedComponent:63 - No mode defined for component null
2023-07-11 21:33:08,717 [WARN] ModelIntegratedComponent:63 - No mode defined for component null
2023-07-11 21:33:08,718 [WARN] ModelIntegratedComponent:63 - No mode defined for component null
2023-07-11 21:33:08,826 [INFO] ThirdPartyModel:298 - Start build external matchings
2023-07-11 21:33:09,719 [INFO] ThirdPartyModel:316 - End build external matchings
2023-07-11 21:33:09,994 [INFO] UtilMem:75 - End LoadConfig() Used Memory: 654872896 Bytes (853540864)
2023-07-11 21:33:10,038 [WARN] ThirdParty:833 - waiting for thirdparty lock release [change project]
2023-07-11 21:33:10,039 [INFO] ThirdParty:835 - entering critical section [change project]
2023-07-11 21:33:10,039 [INFO] ThirdParty:1030 - CMSIS Pack Vendor :RoweBots I-CUBE-UNISONRTOS 5.5.0-4
2023-07-11 21:33:10,039 [INFO] ThirdParty:1030 - CMSIS Pack Vendor :STMicroelectronics X-CUBE-GNSS1 6.0.0
2023-07-11 21:33:10,039 [INFO] ThirdParty:1030 - CMSIS Pack Vendor :STMicroelectronics USB_HOST 2.0.0
2023-07-11 21:33:10,039 [INFO] ThirdParty:1030 - CMSIS Pack Vendor :STMicroelectronics X-CUBE-AZRTOS-F4 1.1.0
2023-07-11 21:33:10,039 [INFO] ThirdParty:1030 - CMSIS Pack Vendor :STMicroelectronics LIBJPEG 8.0.0
2023-07-11 21:33:10,039 [INFO] ThirdParty:1030 - CMSIS Pack Vendor :STMicroelectronics X-CUBE-SMBUS 2.1.0
2023-07-11 21:33:10,039 [INFO] ThirdParty:1030 - CMSIS Pack Vendor :STMicroelectronics USB_DEVICE 3.0.0
2023-07-11 21:33:10,039 [INFO] ThirdParty:1030 - CMSIS Pack Vendor :STMicroelectronics X-CUBE-AI 8.0.0
2023-07-11 21:33:10,040 [INFO] ThirdParty:1030 - CMSIS Pack Vendor :STMicroelectronics X-CUBE-FREERTOS 1.0.0
2023-07-11 21:33:10,040 [INFO] ThirdParty:1030 - CMSIS Pack Vendor :STMicroelectronics X-CUBE-FREERTOS 1.0.1
2023-07-11 21:33:10,040 [INFO] ThirdParty:1030 - CMSIS Pack Vendor :STMicroelectronics X-CUBE-TOUCHGFX 4.21.1
2023-07-11 21:33:10,040 [INFO] ThirdParty:1030 - CMSIS Pack Vendor :STMicroelectronics X-CUBE-TOUCHGFX 4.21.0
2023-07-11 21:33:10,040 [INFO] ThirdParty:1030 - CMSIS Pack Vendor :STMicroelectronics X-CUBE-TOUCHGFX 4.21.3
2023-07-11 21:33:10,040 [INFO] ThirdParty:1030 - CMSIS Pack Vendor :STMicroelectronics X-CUBE-AZRTOS-F7 1.1.0
2023-07-11 21:33:10,040 [INFO] ThirdParty:1030 - CMSIS Pack Vendor :STMicroelectronics X-CUBE-TOUCHGFX 4.21.4
2023-07-11 21:33:10,040 [INFO] ThirdParty:1030 - CMSIS Pack Vendor :STMicroelectronics X-CUBE-MEMS1 9.4.0
2023-07-11 21:33:10,040 [INFO] ThirdParty:1030 - CMSIS Pack Vendor :STMicroelectronics USB_DEVICE 2.0.0
2023-07-11 21:33:10,040 [INFO] ThirdParty:1030 - CMSIS Pack Vendor :STMicroelectronics X-CUBE-MEMS1 9.6.0
2023-07-11 21:33:10,040 [INFO] ThirdParty:1030 - CMSIS Pack Vendor :STMicroelectronics X-CUBE-AI 7.3.0
2023-07-11 21:33:10,040 [INFO] ThirdParty:1030 - CMSIS Pack Vendor :STMicroelectronics FP-SNS-MOTENV1 4.3.0
2023-07-11 21:33:10,040 [INFO] ThirdParty:1030 - CMSIS Pack Vendor :STMicroelectronics FP-SNS-MOTENV1 4.3.2
2023-07-11 21:33:10,041 [INFO] ThirdParty:1030 - CMSIS Pack Vendor :STMicroelectronics FP-SNS-FLIGHT1 5.0.0
2023-07-11 21:33:10,041 [INFO] ThirdParty:1030 - CMSIS Pack Vendor :STMicroelectronics FP-SNS-MOTENV1 4.3.1
2023-07-11 21:33:10,041 [INFO] ThirdParty:1030 - CMSIS Pack Vendor :STMicroelectronics FP-SNS-FLIGHT1 5.0.1
2023-07-11 21:33:10,041 [INFO] ThirdParty:1030 - CMSIS Pack Vendor :STMicroelectronics X-CUBE-ALGOBUILD 1.3.0
2023-07-11 21:33:10,041 [INFO] ThirdParty:1030 - CMSIS Pack Vendor :STMicroelectronics X-CUBE-AZRTOS-L5 1.1.0
2023-07-11 21:33:10,041 [INFO] ThirdParty:1030 - CMSIS Pack Vendor :STMicroelectronics FreeRTOS 0.0.1
2023-07-11 21:33:10,041 [INFO] ThirdParty:1030 - CMSIS Pack Vendor :emotas I-CUBE-CANOPEN 1.1.3
2023-07-11 21:33:10,041 [INFO] ThirdParty:1030 - CMSIS Pack Vendor :STMicroelectronics X-CUBE-AZRTOS-G0 1.1.0
2023-07-11 21:33:10,041 [INFO] ThirdParty:1030 - CMSIS Pack Vendor :STMicroelectronics X-CUBE-BLEMGR 2.0.0
2023-07-11 21:33:10,041 [INFO] ThirdParty:1030 - CMSIS Pack Vendor :STMicroelectronics X-CUBE-AI 8.0.1
2023-07-11 21:33:10,041 [INFO] ThirdParty:1030 - CMSIS Pack Vendor :STMicroelectronics X-CUBE-SUBG2 5.0.0
2023-07-11 21:33:10,041 [INFO] ThirdParty:1030 - CMSIS Pack Vendor :STMicroelectronics X-CUBE-NFC4 3.0.0
2023-07-11 21:33:10,041 [INFO] ThirdParty:1030 - CMSIS Pack Vendor :STMicroelectronics STM32_WPAN 1.0.0
2023-07-11 21:33:10,041 [INFO] ThirdParty:1030 - CMSIS Pack Vendor :STMicroelectronics lwIP 2.0.3
2023-07-11 21:33:10,041 [INFO] ThirdParty:1030 - CMSIS Pack Vendor :STMicroelectronics X-CUBE-NFC4 2.0.5
2023-07-11 21:33:10,041 [INFO] ThirdParty:1030 - CMSIS Pack Vendor :STMicroelectronics USB_HOST 1.0.0
2023-07-11 21:33:10,041 [INFO] ThirdParty:1030 - CMSIS Pack Vendor :STMicroelectronics X-CUBE-AZRTOS-G4 2.0.0
2023-07-11 21:33:10,042 [INFO] ThirdParty:1030 - CMSIS Pack Vendor :STMicroelectronics PDM2PCM 3.1.0
2023-07-11 21:33:10,042 [INFO] ThirdParty:1030 - CMSIS Pack Vendor :STMicroelectronics X-CUBE-AZRTOS-H7 3.1.0
2023-07-11 21:33:10,042 [INFO] ThirdParty:1030 - CMSIS Pack Vendor :STMicroelectronics X-CUBE-TOF1 3.3.0
2023-07-11 21:33:10,042 [INFO] ThirdParty:1030 - CMSIS Pack Vendor :STMicroelectronics FP-ATR-ASTRA1 1.1.1
2023-07-11 21:33:10,042 [INFO] ThirdParty:1030 - CMSIS Pack Vendor :STMicroelectronics PDM2PCM 3.3.0
2023-07-11 21:33:10,043 [INFO] ThirdParty:1030 - CMSIS Pack Vendor :STMicroelectronics X-CUBE-DISPLAY 3.0.0
2023-07-11 21:33:10,043 [INFO] ThirdParty:1030 - CMSIS Pack Vendor :STMicroelectronics X-CUBE-BLEMGR 1.3.0
2023-07-11 21:33:10,043 [INFO] ThirdParty:1030 - CMSIS Pack Vendor :wolfSSL I-CUBE-wolfSSL 5.5.3
2023-07-11 21:33:10,043 [INFO] ThirdParty:1030 - CMSIS Pack Vendor :STMicroelectronics X-CUBE-AZRTOS-G4 1.0.0
2023-07-11 21:33:10,043 [INFO] ThirdParty:1030 - CMSIS Pack Vendor :STMicroelectronics X-CUBE-AZRTOS-L4 1.0.0
2023-07-11 21:33:10,043 [INFO] ThirdParty:1030 - CMSIS Pack Vendor :STMicroelectronics HAL Drivers 0.0.0
2023-07-11 21:33:10,043 [INFO] ThirdParty:1030 - CMSIS Pack Vendor :STMicroelectronics MBEDTLS 2.16.2
2023-07-11 21:33:10,043 [INFO] ThirdParty:1030 - CMSIS Pack Vendor :STMicroelectronics X-CUBE-TOUCHGFX 4.20.0
2023-07-11 21:33:10,043 [INFO] ThirdParty:1030 - CMSIS Pack Vendor :STMicroelectronics X-CUBE-TOUCHGFX 4.22.0
2023-07-11 21:33:10,043 [INFO] ThirdParty:1030 - CMSIS Pack Vendor :STMicroelectronics X-CUBE-NFC7 1.0.1
2023-07-11 21:33:10,043 [INFO] ThirdParty:1030 - CMSIS Pack Vendor :STMicroelectronics MBEDTLS 2.14.1
2023-07-11 21:33:10,043 [INFO] ThirdParty:1030 - CMSIS Pack Vendor :STMicroelectronics X-CUBE-NFC7 1.0.0
2023-07-11 21:33:10,043 [INFO] ThirdParty:1030 - CMSIS Pack Vendor :STMicroelectronics X-CUBE-AZRTOS-WL 1.0.0
2023-07-11 21:33:10,043 [INFO] ThirdParty:1030 - CMSIS Pack Vendor :STMicroelectronics X-CUBE-EEPRMA1 4.1.0
2023-07-11 21:33:10,043 [INFO] ThirdParty:1030 - CMSIS Pack Vendor :portGmbH I-Cube-SoM-uGOAL 1.1.0
2023-07-11 21:33:10,043 [INFO] ThirdParty:1030 - CMSIS Pack Vendor :STMicroelectronics X-CUBE-ALS 1.0.1
2023-07-11 21:33:10,043 [INFO] ThirdParty:1030 - CMSIS Pack Vendor :STMicroelectronics X-CUBE-MEMS1 9.5.0
2023-07-11 21:33:10,043 [INFO] ThirdParty:1030 - CMSIS Pack Vendor :STMicroelectronics ThreadX 1.0.0
2023-07-11 21:33:10,043 [INFO] ThirdParty:1030 - CMSIS Pack Vendor :STMicroelectronics X-CUBE-AZRTOS-WB 1.1.0
2023-07-11 21:33:10,043 [INFO] ThirdParty:1030 - CMSIS Pack Vendor :STMicroelectronics X-CUBE-AZRTOS-WL 2.0.0
2023-07-11 21:33:10,044 [INFO] ThirdParty:1030 - CMSIS Pack Vendor :SEGGER I-CUBE-embOS 1.3.1
2023-07-11 21:33:10,044 [INFO] ThirdParty:1030 - CMSIS Pack Vendor :STMicroelectronics USB_DEVICE 1.0.0
2023-07-11 21:33:10,044 [INFO] ThirdParty:1030 - CMSIS Pack Vendor :STMicroelectronics X-CUBE-EEPRMA1 3.1.1
2023-07-11 21:33:10,044 [INFO] ThirdParty:1030 - CMSIS Pack Vendor :SEGGER I-CUBE-embOS 1.3.0
2023-07-11 21:33:10,044 [INFO] ThirdParty:1030 - CMSIS Pack Vendor :STMicroelectronics X-CUBE-AZRTOS-L4 2.0.0
2023-07-11 21:33:10,044 [INFO] ThirdParty:1030 - CMSIS Pack Vendor :STMicroelectronics ThreadX 0.0.2
2023-07-11 21:33:10,044 [INFO] ThirdParty:1030 - CMSIS Pack Vendor :WES I-CUBE-Cesium 1.3.0
2023-07-11 21:33:10,044 [INFO] ThirdParty:1030 - CMSIS Pack Vendor :STMicroelectronics FP-ATR-ASTRA1 2.0.0
2023-07-11 21:33:10,044 [INFO] ThirdParty:1030 - CMSIS Pack Vendor :STMicroelectronics lwIP 2.1.2
2023-07-11 21:33:10,044 [INFO] ThirdParty:1030 - CMSIS Pack Vendor :STMicroelectronics X-CUBE-BLE2 3.3.0
2023-07-11 21:33:10,044 [INFO] ThirdParty:1030 - CMSIS Pack Vendor :STMicroelectronics X-CUBE-DISPLAY 2.2.0
2023-07-11 21:33:10,044 [INFO] ThirdParty:1030 - CMSIS Pack Vendor :STMicroelectronics X-CUBE-TOF1 3.2.0
2023-07-11 21:33:10,044 [INFO] ThirdParty:1030 - CMSIS Pack Vendor :STMicroelectronics PDM2PCM 3.2.0
2023-07-11 21:33:10,044 [INFO] ThirdParty:1030 - CMSIS Pack Vendor :STMicroelectronics X-CUBE-AZRTOS-H7 3.0.0
2023-07-11 21:33:10,044 [INFO] ThirdParty:841 - exiting critical section [change project]
2023-07-11 21:33:10,598 [INFO] PinOutPanel:1499 - setPackage(No Configuration,No Configuration)
2023-07-11 21:33:10,600 [INFO] PinOutPanel:1499 - setPackage(STM32F446RETx,LQFP64)
2023-07-11 21:33:11,329 [INFO] UtilMem:75 - Before build in PCC Used Memory: 363155328 Bytes (853540864)
2023-07-11 21:33:12,186 [INFO] UtilMem:75 - After build in PCC Used Memory: 522538880 Bytes (853540864)
2023-07-11 21:33:12,222 [INFO] IPUIPlugin:80 - create IPUIPlugin
2023-07-11 21:33:12,222 [INFO] IPUIPlugin:80 - create IPUIPlugin
2023-07-11 21:33:12,222 [INFO] IPUIPlugin:80 - create IPUIPlugin
2023-07-11 21:33:12,222 [INFO] IPUIPlugin:80 - create IPUIPlugin
2023-07-11 21:33:12,222 [INFO] IPUIPlugin:80 - create IPUIPlugin
2023-07-11 21:33:12,223 [INFO] IPUIPlugin:80 - create IPUIPlugin
2023-07-11 21:33:12,223 [INFO] IPUIPlugin:80 - create IPUIPlugin
2023-07-11 21:33:12,223 [INFO] IPUIPlugin:80 - create IPUIPlugin
2023-07-11 21:33:12,223 [INFO] IPUIPlugin:80 - create IPUIPlugin
2023-07-11 21:33:12,223 [INFO] IPUIPlugin:80 - create IPUIPlugin
2023-07-11 21:33:12,224 [INFO] IPUIPlugin:80 - create IPUIPlugin
2023-07-11 21:33:12,224 [INFO] IPUIPlugin:80 - create IPUIPlugin
2023-07-11 21:33:12,224 [INFO] IPUIPlugin:80 - create IPUIPlugin
2023-07-11 21:33:12,224 [INFO] IPUIPlugin:80 - create IPUIPlugin
2023-07-11 21:33:12,224 [INFO] IPUIPlugin:80 - create IPUIPlugin
2023-07-11 21:33:12,224 [INFO] IPUIPlugin:80 - create IPUIPlugin
2023-07-11 21:33:12,225 [INFO] IPUIPlugin:80 - create IPUIPlugin
2023-07-11 21:33:12,225 [INFO] IPUIPlugin:80 - create IPUIPlugin
2023-07-11 21:33:12,225 [INFO] IPUIPlugin:80 - create IPUIPlugin
2023-07-11 21:33:12,225 [INFO] IPUIPlugin:80 - create IPUIPlugin
2023-07-11 21:33:12,225 [INFO] IPUIPlugin:80 - create IPUIPlugin
2023-07-11 21:33:12,226 [INFO] IPUIPlugin:80 - create IPUIPlugin
2023-07-11 21:33:12,226 [INFO] IPUIPlugin:80 - create IPUIPlugin
2023-07-11 21:33:12,226 [INFO] IPUIPlugin:80 - create IPUIPlugin
2023-07-11 21:33:12,226 [INFO] IPUIPlugin:80 - create IPUIPlugin
2023-07-11 21:33:12,226 [INFO] IPUIPlugin:80 - create IPUIPlugin
2023-07-11 21:33:12,227 [INFO] IPUIPlugin:80 - create IPUIPlugin
2023-07-11 21:33:12,227 [INFO] IPUIPlugin:80 - create IPUIPlugin
2023-07-11 21:33:12,227 [INFO] IPUIPlugin:80 - create IPUIPlugin
2023-07-11 21:33:12,227 [INFO] IPUIPlugin:80 - create IPUIPlugin
2023-07-11 21:33:12,227 [INFO] IPUIPlugin:80 - create IPUIPlugin
2023-07-11 21:33:12,228 [INFO] IPUIPlugin:80 - create IPUIPlugin
2023-07-11 21:33:12,228 [INFO] IPUIPlugin:80 - create IPUIPlugin
2023-07-11 21:33:12,228 [INFO] IPUIPlugin:80 - create IPUIPlugin
2023-07-11 21:33:12,228 [INFO] IPUIPlugin:80 - create IPUIPlugin
2023-07-11 21:33:12,228 [INFO] IPUIPlugin:80 - create IPUIPlugin
2023-07-11 21:33:12,228 [INFO] IPUIPlugin:80 - create IPUIPlugin
2023-07-11 21:33:12,229 [INFO] IPUIPlugin:80 - create IPUIPlugin
2023-07-11 21:33:12,229 [INFO] IPUIPlugin:80 - create IPUIPlugin
2023-07-11 21:33:12,229 [INFO] IPUIPlugin:80 - create IPUIPlugin
2023-07-11 21:33:12,229 [INFO] IPUIPlugin:80 - create IPUIPlugin
2023-07-11 21:33:12,229 [INFO] IPUIPlugin:80 - create IPUIPlugin
2023-07-11 21:33:12,229 [INFO] IPUIPlugin:80 - create IPUIPlugin
2023-07-11 21:33:12,229 [INFO] IPUIPlugin:80 - create IPUIPlugin
2023-07-11 21:33:12,229 [INFO] IPUIPlugin:80 - create IPUIPlugin
2023-07-11 21:33:12,230 [INFO] IPUIPlugin:80 - create IPUIPlugin
2023-07-11 21:33:12,230 [INFO] IPUIPlugin:80 - create IPUIPlugin
2023-07-11 21:33:12,230 [INFO] IPUIPlugin:80 - create IPUIPlugin
2023-07-11 21:33:12,230 [INFO] IPUIPlugin:80 - create IPUIPlugin
2023-07-11 21:33:12,231 [INFO] IPUIPlugin:80 - create IPUIPlugin
2023-07-11 21:33:12,231 [INFO] IPUIPlugin:80 - create IPUIPlugin
2023-07-11 21:33:12,231 [INFO] IPUIPlugin:80 - create IPUIPlugin
2023-07-11 21:33:12,231 [INFO] IPUIPlugin:80 - create IPUIPlugin
2023-07-11 21:33:12,232 [INFO] IPUIPlugin:80 - create IPUIPlugin
2023-07-11 21:33:12,232 [INFO] IPUIPlugin:80 - create IPUIPlugin
2023-07-11 21:33:12,232 [INFO] IPUIPlugin:80 - create IPUIPlugin
2023-07-11 21:33:12,232 [INFO] IPUIPlugin:80 - create IPUIPlugin
2023-07-11 21:33:12,233 [INFO] IPUIPlugin:80 - create IPUIPlugin
2023-07-11 21:33:12,234 [INFO] IPUIPlugin:80 - create IPUIPlugin
2023-07-11 21:33:12,234 [INFO] IPUIPlugin:80 - create IPUIPlugin
2023-07-11 21:33:12,280 [INFO] ApiDbMcu:507 - Load IP Config File for PDM2PCM
2023-07-11 21:33:12,288 [WARN] IP:2113 - I2C_Coeff_DF not found: check if there is a RefParameter without a condition.
2023-07-11 21:33:12,288 [WARN] IP:2113 - Analog_Filter not found: check if there is a RefParameter without a condition.
2023-07-11 21:33:12,475 [INFO] CADModel:165 - CPN selected for project levelSTM32F446RET6
2023-07-11 21:33:12,475 [INFO] CADModel:114 - Register for checkConnection events
2023-07-11 21:33:12,548 [INFO] OpenFileManager:328 - Restore cursor
2023-07-11 21:33:12,814 [WARN] IP:2113 - I2C_Coeff_DF not found: check if there is a RefParameter without a condition.
2023-07-11 21:33:12,815 [WARN] IP:2113 - Analog_Filter not found: check if there is a RefParameter without a condition.
2023-07-11 21:33:12,816 [WARN] IP:2113 - I2C_Coeff_DF not found: check if there is a RefParameter without a condition.
2023-07-11 21:33:12,816 [WARN] IP:2113 - Analog_Filter not found: check if there is a RefParameter without a condition.
2023-07-11 21:33:13,320 [INFO] UtilMem:75 - End SaveConfig() Used Memory: 385032408 Bytes (853540864)
2023-07-11 21:33:13,387 [INFO] UtilMem:75 - End SaveConfig() Used Memory: 403360072 Bytes (853540864)
2023-07-11 21:33:14,142 [INFO] BlockDiagram:2759 - set Specific Code input for plugin: SPI
2023-07-11 21:33:14,142 [INFO] BlockDiagram:2759 - set Specific Code input for plugin: TIM1_8
2023-07-11 21:33:14,142 [INFO] BlockDiagram:2759 - set Specific Code input for plugin: TIM1_8
2023-07-11 21:33:14,142 [INFO] BlockDiagram:2759 - set Specific Code input for plugin: SYS
2023-07-11 21:33:14,142 [INFO] BlockDiagram:2759 - set Specific Code input for plugin: RCC
2023-07-11 21:33:14,142 [INFO] BlockDiagram:2759 - set Specific Code input for plugin: I2C
2023-07-11 21:33:14,142 [INFO] BlockDiagram:2759 - set Specific Code input for plugin: NVIC
2023-07-11 21:33:14,142 [INFO] BlockDiagram:2759 - set Specific Code input for plugin: USART
2023-07-11 21:33:14,142 [INFO] BlockDiagram:2759 - set Specific Code input for plugin: UART
2023-07-11 21:33:14,143 [INFO] BlockDiagram:2759 - set Specific Code input for plugin: GPIO
2023-07-11 21:33:14,144 [INFO] CodeGenerator:793 - code generatio: config db path: /home/aaron/.stm32cubemx/databases/DB.6.0.70/db/
2023-07-11 21:33:14,153 [WARN] IP:2113 - I2C_Coeff_DF not found: check if there is a RefParameter without a condition.
2023-07-11 21:33:14,154 [WARN] IP:2113 - Analog_Filter not found: check if there is a RefParameter without a condition.
2023-07-11 21:33:14,779 [INFO] CodeEngine:255 - oldGeneratedFile, /home/aaron/Documents/Launch/Nucleo-F446-Testing/Nucleo_Testing/MXTmpFiles/license.tmp_save
2023-07-11 21:33:15,298 [INFO] CodeEngine:279 - Generated code: /home/aaron/Documents/Launch/Nucleo-F446-Testing/Nucleo_Testing/MXTmpFiles/license.tmp
2023-07-11 21:33:15,371 [INFO] CodeEngine:255 - oldGeneratedFile, /home/aaron/Documents/Launch/Nucleo-F446-Testing/Nucleo_Testing/MXTmpFiles/gpio.tmp_save
2023-07-11 21:33:15,540 [INFO] CodeEngine:279 - Generated code: /home/aaron/Documents/Launch/Nucleo-F446-Testing/Nucleo_Testing/MXTmpFiles/gpio.tmp
2023-07-11 21:33:15,916 [INFO] CodeEngine:255 - oldGeneratedFile, /home/aaron/Documents/Launch/Nucleo-F446-Testing/Nucleo_Testing/Core/Src/stm32f4xx_it.c_save
2023-07-11 21:33:16,042 [INFO] CodeEngine:279 - Generated code: /home/aaron/Documents/Launch/Nucleo-F446-Testing/Nucleo_Testing/Core/Src/stm32f4xx_it.c
2023-07-11 21:33:16,044 [INFO] CodeEngine:255 - oldGeneratedFile, /home/aaron/Documents/Launch/Nucleo-F446-Testing/Nucleo_Testing/Core/Inc/stm32f4xx_it.h_save
2023-07-11 21:33:16,138 [INFO] CodeEngine:279 - Generated code: /home/aaron/Documents/Launch/Nucleo-F446-Testing/Nucleo_Testing/Core/Inc/stm32f4xx_it.h
2023-07-11 21:33:16,142 [INFO] CodeEngine:255 - oldGeneratedFile, /home/aaron/Documents/Launch/Nucleo-F446-Testing/Nucleo_Testing/Core/Src/stm32f4xx_hal_msp.c_save
2023-07-11 21:33:16,318 [INFO] CodeEngine:279 - Generated code: /home/aaron/Documents/Launch/Nucleo-F446-Testing/Nucleo_Testing/Core/Src/stm32f4xx_hal_msp.c
2023-07-11 21:33:16,320 [INFO] CodeEngine:255 - oldGeneratedFile, /home/aaron/Documents/Launch/Nucleo-F446-Testing/Nucleo_Testing/MXTmpFiles/system.tmp_save
2023-07-11 21:33:16,390 [INFO] CodeEngine:279 - Generated code: /home/aaron/Documents/Launch/Nucleo-F446-Testing/Nucleo_Testing/MXTmpFiles/system.tmp
2023-07-11 21:33:16,394 [INFO] CodeEngine:311 - oldGeneratedFile, /home/aaron/Documents/Launch/Nucleo-F446-Testing/Nucleo_Testing/Core/Inc/stm32f4xx_hal_conf.h_save
2023-07-11 21:33:16,477 [INFO] CodeEngine:335 - Generated code: /home/aaron/Documents/Launch/Nucleo-F446-Testing/Nucleo_Testing/Core/Inc/stm32f4xx_hal_conf.h
2023-07-11 21:33:16,516 [WARN] IPConfigManager:2937 - Warning: the RefConfig PLL2P_FOR_MCO is not available in your config.xml file
2023-07-11 21:33:16,523 [WARN] IPConfigManager:3431 - IP not found : TIM
2023-07-11 21:33:16,524 [WARN] CodeGenerator:3754 - IP not found : null
2023-07-11 21:33:16,526 [INFO] CodeEngine:255 - oldGeneratedFile, /home/aaron/Documents/Launch/Nucleo-F446-Testing/Nucleo_Testing/Core/Inc/main.h_save
2023-07-11 21:33:16,623 [INFO] CodeEngine:279 - Generated code: /home/aaron/Documents/Launch/Nucleo-F446-Testing/Nucleo_Testing/Core/Inc/main.h
2023-07-11 21:33:16,624 [INFO] CodeEngine:255 - oldGeneratedFile, /home/aaron/Documents/Launch/Nucleo-F446-Testing/Nucleo_Testing/Core/Src/main.c_save
2023-07-11 21:33:16,771 [INFO] CodeEngine:279 - Generated code: /home/aaron/Documents/Launch/Nucleo-F446-Testing/Nucleo_Testing/Core/Src/main.c
2023-07-11 21:33:17,427 [INFO] ProjectBuilder:2996 - Time for Copy HAL[1] : 29mS.
2023-07-11 21:33:17,441 [INFO] ProjectBuilder:4304 - Project Generator version: 3.19.2
2023-07-11 21:33:17,819 [INFO] ConfigFileManager:1483 - The Die is : DIE421
2023-07-11 21:33:17,826 [INFO] ApiDbMcu:507 - Load IP Config File for FATFS
2023-07-11 21:33:17,830 [INFO] ApiDbMcu:507 - Load IP Config File for FREERTOS
2023-07-11 21:33:17,833 [INFO] ApiDbMcu:507 - Load IP Config File for LIBJPEG
2023-07-11 21:33:17,838 [INFO] ApiDbMcu:507 - Load IP Config File for MBEDTLS
2023-07-11 21:33:17,845 [INFO] ApiDbMcu:507 - Load IP Config File for USB_DEVICE
2023-07-11 21:33:17,848 [INFO] ApiDbMcu:507 - Load IP Config File for USB_HOST
2023-07-11 21:33:18,669 [INFO] LogOutputStream:77 - [STDOUT_REDIRECT] 
2023-07-11 21:33:20,718 [INFO] ProjectBuilder:4505 - Time for Generating toolchain IDE Files: 3275mS.
2023-07-11 21:33:20,719 [INFO] ProjectBuilder:2867 - Time for Copy CMSIS : 1mS.
2023-07-11 21:33:20,720 [INFO] ProjectBuilder:2867 - Time for Copy CMSIS : 1mS.
2023-07-11 21:33:21,171 [INFO] McuFinderGlobals:66 - Set McuFinderConnectedMode to true
2023-07-11 21:33:21,174 [INFO] ApiDb:448 - Save user favorites file /home/aaron/.stm32cubeide/favorites.mcus.txt: 0 item(s)
2023-07-11 21:33:21,175 [INFO] ApiDb:452 - User favorites MCUs=[]
2023-07-11 21:37:23,578 [ERROR] LogOutputStream:75 - [STDERR_REDIRECT] Exception in thread "AWT-EventQueue-0" org.eclipse.swt.SWTException: Device is disposed
2023-07-11 21:37:23,578 [ERROR] LogOutputStream:75 - [STDERR_REDIRECT] 	at org.eclipse.swt.SWT.error(SWT.java:4918)
2023-07-11 21:37:23,579 [ERROR] LogOutputStream:75 - [STDERR_REDIRECT] 	at org.eclipse.swt.SWT.error(SWT.java:4833)
2023-07-11 21:37:23,579 [ERROR] LogOutputStream:75 - [STDERR_REDIRECT] 	at org.eclipse.swt.SWT.error(SWT.java:4804)
2023-07-11 21:37:23,579 [ERROR] LogOutputStream:75 - [STDERR_REDIRECT] 	at org.eclipse.swt.widgets.Display.error(Display.java:1518)
2023-07-11 21:37:23,579 [ERROR] LogOutputStream:75 - [STDERR_REDIRECT] 	at org.eclipse.swt.widgets.Display.asyncExec(Display.java:930)
2023-07-11 21:37:23,579 [ERROR] LogOutputStream:75 - [STDERR_REDIRECT] 	at com.st.stm32cube.common.mx.oss.core.awtswtbridge.AwtEnvironment$2.run(AwtEnvironment.java:168)
2023-07-11 21:37:23,579 [ERROR] LogOutputStream:75 - [STDERR_REDIRECT] 	at java.desktop/java.awt.event.InvocationEvent.dispatch(InvocationEvent.java:313)
2023-07-11 21:37:23,579 [ERROR] LogOutputStream:75 - [STDERR_REDIRECT] 	at java.desktop/java.awt.EventQueue.dispatchEventImpl(EventQueue.java:770)
2023-07-11 21:37:23,580 [ERROR] LogOutputStream:75 - [STDERR_REDIRECT] 	at java.desktop/java.awt.EventQueue$4.run(EventQueue.java:721)
2023-07-11 21:37:23,580 [ERROR] LogOutputStream:75 - [STDERR_REDIRECT] 	at java.desktop/java.awt.EventQueue$4.run(EventQueue.java:715)
2023-07-11 21:37:23,580 [ERROR] LogOutputStream:75 - [STDERR_REDIRECT] 	at java.base/java.security.AccessController.doPrivileged(Native Method)
2023-07-11 21:37:23,580 [ERROR] LogOutputStream:75 - [STDERR_REDIRECT] 	at java.base/java.security.ProtectionDomain$JavaSecurityAccessImpl.doIntersectionPrivilege(ProtectionDomain.java:85)
2023-07-11 21:37:23,580 [ERROR] LogOutputStream:75 - [STDERR_REDIRECT] 	at java.desktop/java.awt.EventQueue.dispatchEvent(EventQueue.java:740)
2023-07-11 21:37:23,580 [ERROR] LogOutputStream:75 - [STDERR_REDIRECT] 	at java.desktop/java.awt.EventDispatchThread.pumpOneEventForFilters(EventDispatchThread.java:203)
2023-07-11 21:37:23,580 [ERROR] LogOutputStream:75 - [STDERR_REDIRECT] 	at java.desktop/java.awt.EventDispatchThread.pumpEventsForFilter(EventDispatchThread.java:124)
2023-07-11 21:37:23,581 [ERROR] LogOutputStream:75 - [STDERR_REDIRECT] 	at java.desktop/java.awt.EventDispatchThread.pumpEventsForHierarchy(EventDispatchThread.java:113)
2023-07-11 21:37:23,581 [ERROR] LogOutputStream:75 - [STDERR_REDIRECT] 	at java.desktop/java.awt.EventDispatchThread.pumpEvents(EventDispatchThread.java:109)
2023-07-11 21:37:23,581 [ERROR] LogOutputStream:75 - [STDERR_REDIRECT] 	at java.desktop/java.awt.EventDispatchThread.pumpEvents(EventDispatchThread.java:101)
2023-07-11 21:37:23,581 [ERROR] LogOutputStream:75 - [STDERR_REDIRECT] 	at java.desktop/java.awt.EventDispatchThread.run(EventDispatchThread.java:90)
